000 (47984.000.000) 11/16 15:36:46 Job submitted from host: <192.168.100.49:9618?addrs=192.168.100.49-9618&noUDP&sock=2478170_12b9_3>
...
001 (47984.000.000) 11/16 15:37:07 Job executing on host: <192.168.100.52:9618?addrs=192.168.100.52-9618&noUDP&sock=1070130_bfb6_4>
...
006 (47984.000.000) 11/16 15:37:08 Image size of job updated: 1
	0  -  MemoryUsage of job (MB)
	0  -  ResidentSetSize of job (KB)
...
005 (47984.000.000) 11/16 15:37:08 Job terminated.
	(1) Normal termination (return value 1)
		Usr 0 00:00:00, Sys 0 00:00:00  -  Run Remote Usage
		Usr 0 00:00:00, Sys 0 00:00:00  -  Run Local Usage
		Usr 0 00:00:00, Sys 0 00:00:00  -  Total Remote Usage
		Usr 0 00:00:00, Sys 0 00:00:00  -  Total Local Usage
	0  -  Run Bytes Sent By Job
	0  -  Run Bytes Received By Job
	0  -  Total Bytes Sent By Job
	0  -  Total Bytes Received By Job
	Partitionable Resources :    Usage  Request Allocated
	   Cpus                 :                 1         1
	   Disk (KB)            :        1        1    465402
	   Memory (MB)          :        0     2048      2048
...
000 (47985.000.000) 11/16 15:39:44 Job submitted from host: <192.168.100.49:9618?addrs=192.168.100.49-9618&noUDP&sock=2478170_12b9_3>
...
001 (47985.000.000) 11/16 15:39:56 Job executing on host: <192.168.100.52:9618?addrs=192.168.100.52-9618&noUDP&sock=1070130_bfb6_4>
...
006 (47985.000.000) 11/16 15:39:57 Image size of job updated: 1
	0  -  MemoryUsage of job (MB)
	0  -  ResidentSetSize of job (KB)
...
005 (47985.000.000) 11/16 15:39:57 Job terminated.
	(1) Normal termination (return value 1)
		Usr 0 00:00:00, Sys 0 00:00:00  -  Run Remote Usage
		Usr 0 00:00:00, Sys 0 00:00:00  -  Run Local Usage
		Usr 0 00:00:00, Sys 0 00:00:00  -  Total Remote Usage
		Usr 0 00:00:00, Sys 0 00:00:00  -  Total Local Usage
	0  -  Run Bytes Sent By Job
	0  -  Run Bytes Received By Job
	0  -  Total Bytes Sent By Job
	0  -  Total Bytes Received By Job
	Partitionable Resources :    Usage  Request Allocated
	   Cpus                 :                 1         1
	   Disk (KB)            :        1        1    465402
	   Memory (MB)          :        0     2048      2048
...
000 (47986.000.000) 11/16 15:41:02 Job submitted from host: <192.168.100.49:9618?addrs=192.168.100.49-9618&noUDP&sock=2478170_12b9_3>
...
001 (47986.000.000) 11/16 15:41:17 Job executing on host: <192.168.100.52:9618?addrs=192.168.100.52-9618&noUDP&sock=1070130_bfb6_4>
...
006 (47986.000.000) 11/16 15:41:26 Image size of job updated: 75424
	74  -  MemoryUsage of job (MB)
	75424  -  ResidentSetSize of job (KB)
...
006 (47986.000.000) 11/16 15:41:41 Image size of job updated: 147112
	74  -  MemoryUsage of job (MB)
	75436  -  ResidentSetSize of job (KB)
...
005 (47986.000.000) 11/16 15:41:41 Job terminated.
	(1) Normal termination (return value 1)
		Usr 0 00:00:18, Sys 0 00:00:00  -  Run Remote Usage
		Usr 0 00:00:00, Sys 0 00:00:00  -  Run Local Usage
		Usr 0 00:00:18, Sys 0 00:00:00  -  Total Remote Usage
		Usr 0 00:00:00, Sys 0 00:00:00  -  Total Local Usage
	0  -  Run Bytes Sent By Job
	0  -  Run Bytes Received By Job
	0  -  Total Bytes Sent By Job
	0  -  Total Bytes Received By Job
	Partitionable Resources :    Usage  Request Allocated
	   Cpus                 :                 1         1
	   Disk (KB)            :        1        1    465402
	   Memory (MB)          :       74     2048      2048
...
000 (47987.000.000) 11/16 15:42:50 Job submitted from host: <192.168.100.49:9618?addrs=192.168.100.49-9618&noUDP&sock=2478170_12b9_3>
...
001 (47987.000.000) 11/16 15:43:07 Job executing on host: <192.168.100.52:9618?addrs=192.168.100.52-9618&noUDP&sock=1070130_bfb6_4>
...
006 (47987.000.000) 11/16 15:43:15 Image size of job updated: 76736
	75  -  MemoryUsage of job (MB)
	76736  -  ResidentSetSize of job (KB)
...
006 (47987.000.000) 11/16 15:43:54 Image size of job updated: 45926332
	75  -  MemoryUsage of job (MB)
	76748  -  ResidentSetSize of job (KB)
...
005 (47987.000.000) 11/16 15:43:55 Job terminated.
	(1) Normal termination (return value 1)
		Usr 0 00:00:29, Sys 0 00:00:15  -  Run Remote Usage
		Usr 0 00:00:00, Sys 0 00:00:00  -  Run Local Usage
		Usr 0 00:00:29, Sys 0 00:00:15  -  Total Remote Usage
		Usr 0 00:00:00, Sys 0 00:00:00  -  Total Local Usage
	0  -  Run Bytes Sent By Job
	0  -  Run Bytes Received By Job
	0  -  Total Bytes Sent By Job
	0  -  Total Bytes Received By Job
	Partitionable Resources :    Usage  Request Allocated
	   Cpus                 :                 1         1
	   Disk (KB)            :        1        1    465402
	   Memory (MB)          :       75     2048      2048
...
000 (47989.000.000) 11/16 15:47:04 Job submitted from host: <192.168.100.49:9618?addrs=192.168.100.49-9618&noUDP&sock=2478170_12b9_3>
...
001 (47989.000.000) 11/16 15:47:06 Job executing on host: <192.168.100.52:9618?addrs=192.168.100.52-9618&noUDP&sock=1070130_bfb6_4>
...
006 (47989.000.000) 11/16 15:47:15 Image size of job updated: 85724
	81  -  MemoryUsage of job (MB)
	82940  -  ResidentSetSize of job (KB)
...
006 (47989.000.000) 11/16 15:47:54 Image size of job updated: 18232132
	82  -  MemoryUsage of job (MB)
	82956  -  ResidentSetSize of job (KB)
...
005 (47989.000.000) 11/16 15:47:54 Job terminated.
	(1) Normal termination (return value 1)
		Usr 0 00:00:28, Sys 0 00:00:15  -  Run Remote Usage
		Usr 0 00:00:00, Sys 0 00:00:00  -  Run Local Usage
		Usr 0 00:00:28, Sys 0 00:00:15  -  Total Remote Usage
		Usr 0 00:00:00, Sys 0 00:00:00  -  Total Local Usage
	0  -  Run Bytes Sent By Job
	0  -  Run Bytes Received By Job
	0  -  Total Bytes Sent By Job
	0  -  Total Bytes Received By Job
	Partitionable Resources :    Usage  Request Allocated
	   Cpus                 :                 1         1
	   Disk (KB)            :        1        1    465402
	   Memory (MB)          :       82     2048      2048
...
000 (47993.000.000) 11/16 15:49:37 Job submitted from host: <192.168.100.49:9618?addrs=192.168.100.49-9618&noUDP&sock=2478170_12b9_3>
...
001 (47993.000.000) 11/16 15:49:43 Job executing on host: <192.168.100.52:9618?addrs=192.168.100.52-9618&noUDP&sock=1070130_bfb6_4>
...
006 (47993.000.000) 11/16 15:49:52 Image size of job updated: 90536
	89  -  MemoryUsage of job (MB)
	90536  -  ResidentSetSize of job (KB)
...
006 (47993.000.000) 11/16 15:50:32 Image size of job updated: 53495292
	89  -  MemoryUsage of job (MB)
	90544  -  ResidentSetSize of job (KB)
...
005 (47993.000.000) 11/16 15:50:32 Job terminated.
	(1) Normal termination (return value 0)
		Usr 0 00:00:29, Sys 0 00:00:17  -  Run Remote Usage
		Usr 0 00:00:00, Sys 0 00:00:00  -  Run Local Usage
		Usr 0 00:00:29, Sys 0 00:00:17  -  Total Remote Usage
		Usr 0 00:00:00, Sys 0 00:00:00  -  Total Local Usage
	0  -  Run Bytes Sent By Job
	0  -  Run Bytes Received By Job
	0  -  Total Bytes Sent By Job
	0  -  Total Bytes Received By Job
	Partitionable Resources :    Usage  Request Allocated
	   Cpus                 :                 1         1
	   Disk (KB)            :        1        1    465402
	   Memory (MB)          :       89     2048      2048
...
000 (47997.000.000) 11/16 15:54:44 Job submitted from host: <192.168.100.49:9618?addrs=192.168.100.49-9618&noUDP&sock=2478170_12b9_3>
...
001 (47997.000.000) 11/16 15:54:44 Job executing on host: <192.168.100.52:9618?addrs=192.168.100.52-9618&noUDP&sock=1070130_bfb6_4>
...
006 (47997.000.000) 11/16 15:54:53 Image size of job updated: 97396
	96  -  MemoryUsage of job (MB)
	97396  -  ResidentSetSize of job (KB)
...
006 (47997.000.000) 11/16 15:55:35 Image size of job updated: 18255464
	96  -  MemoryUsage of job (MB)
	97420  -  ResidentSetSize of job (KB)
...
005 (47997.000.000) 11/16 15:55:35 Job terminated.
	(1) Normal termination (return value 0)
		Usr 0 00:00:29, Sys 0 00:00:19  -  Run Remote Usage
		Usr 0 00:00:00, Sys 0 00:00:00  -  Run Local Usage
		Usr 0 00:00:29, Sys 0 00:00:19  -  Total Remote Usage
		Usr 0 00:00:00, Sys 0 00:00:00  -  Total Local Usage
	0  -  Run Bytes Sent By Job
	0  -  Run Bytes Received By Job
	0  -  Total Bytes Sent By Job
	0  -  Total Bytes Received By Job
	Partitionable Resources :    Usage  Request Allocated
	   Cpus                 :                 1         1
	   Disk (KB)            :        1        1    465402
	   Memory (MB)          :       96     2048      2048
...
000 (47998.000.000) 11/16 15:56:40 Job submitted from host: <192.168.100.49:9618?addrs=192.168.100.49-9618&noUDP&sock=2478170_12b9_3>
...
001 (47998.000.000) 11/16 15:56:56 Job executing on host: <192.168.100.52:9618?addrs=192.168.100.52-9618&noUDP&sock=1070130_bfb6_4>
...
006 (47998.000.000) 11/16 15:57:04 Image size of job updated: 90608
	89  -  MemoryUsage of job (MB)
	90608  -  ResidentSetSize of job (KB)
...
006 (47998.000.000) 11/16 15:57:47 Image size of job updated: 37094828
	89  -  MemoryUsage of job (MB)
	90628  -  ResidentSetSize of job (KB)
...
005 (47998.000.000) 11/16 15:57:47 Job terminated.
	(1) Normal termination (return value 0)
		Usr 0 00:00:30, Sys 0 00:00:19  -  Run Remote Usage
		Usr 0 00:00:00, Sys 0 00:00:00  -  Run Local Usage
		Usr 0 00:00:30, Sys 0 00:00:19  -  Total Remote Usage
		Usr 0 00:00:00, Sys 0 00:00:00  -  Total Local Usage
	0  -  Run Bytes Sent By Job
	0  -  Run Bytes Received By Job
	0  -  Total Bytes Sent By Job
	0  -  Total Bytes Received By Job
	Partitionable Resources :    Usage  Request Allocated
	   Cpus                 :                 1         1
	   Disk (KB)            :        1        1    465402
	   Memory (MB)          :       89     2048      2048
...
000 (48005.000.000) 11/16 16:16:19 Job submitted from host: <192.168.100.49:9618?addrs=192.168.100.49-9618&noUDP&sock=2478170_12b9_3>
...
001 (48005.000.000) 11/16 16:16:39 Job executing on host: <192.168.100.52:9618?addrs=192.168.100.52-9618&noUDP&sock=1070130_bfb6_4>
...
006 (48005.000.000) 11/16 16:16:47 Image size of job updated: 91812
	90  -  MemoryUsage of job (MB)
	91812  -  ResidentSetSize of job (KB)
...
006 (48005.000.000) 11/16 16:17:15 Image size of job updated: 18808896
	90  -  MemoryUsage of job (MB)
	91812  -  ResidentSetSize of job (KB)
...
005 (48005.000.000) 11/16 16:17:15 Job terminated.
	(1) Normal termination (return value 1)
		Usr 0 00:00:23, Sys 0 00:00:11  -  Run Remote Usage
		Usr 0 00:00:00, Sys 0 00:00:00  -  Run Local Usage
		Usr 0 00:00:23, Sys 0 00:00:11  -  Total Remote Usage
		Usr 0 00:00:00, Sys 0 00:00:00  -  Total Local Usage
	0  -  Run Bytes Sent By Job
	0  -  Run Bytes Received By Job
	0  -  Total Bytes Sent By Job
	0  -  Total Bytes Received By Job
	Partitionable Resources :    Usage  Request Allocated
	   Cpus                 :                 1         1
	   Disk (KB)            :        1        1    465402
	   Memory (MB)          :       90     2048      2048
...
000 (48008.000.000) 11/16 16:18:40 Job submitted from host: <192.168.100.49:9618?addrs=192.168.100.49-9618&noUDP&sock=2478170_12b9_3>
...
001 (48008.000.000) 11/16 16:18:56 Job executing on host: <192.168.100.52:9618?addrs=192.168.100.52-9618&noUDP&sock=1070130_bfb6_4>
...
006 (48008.000.000) 11/16 16:19:04 Image size of job updated: 93688
	92  -  MemoryUsage of job (MB)
	93688  -  ResidentSetSize of job (KB)
...
006 (48008.000.000) 11/16 16:19:31 Image size of job updated: 16921716
	92  -  MemoryUsage of job (MB)
	93700  -  ResidentSetSize of job (KB)
...
005 (48008.000.000) 11/16 16:19:31 Job terminated.
	(1) Normal termination (return value 1)
		Usr 0 00:00:23, Sys 0 00:00:11  -  Run Remote Usage
		Usr 0 00:00:00, Sys 0 00:00:00  -  Run Local Usage
		Usr 0 00:00:23, Sys 0 00:00:11  -  Total Remote Usage
		Usr 0 00:00:00, Sys 0 00:00:00  -  Total Local Usage
	0  -  Run Bytes Sent By Job
	0  -  Run Bytes Received By Job
	0  -  Total Bytes Sent By Job
	0  -  Total Bytes Received By Job
	Partitionable Resources :    Usage  Request Allocated
	   Cpus                 :                 1         1
	   Disk (KB)            :        1        1    465402
	   Memory (MB)          :       92     2048      2048
...
000 (48010.000.000) 11/16 16:21:55 Job submitted from host: <192.168.100.49:9618?addrs=192.168.100.49-9618&noUDP&sock=2478170_12b9_3>
...
001 (48010.000.000) 11/16 16:22:09 Job executing on host: <192.168.100.52:9618?addrs=192.168.100.52-9618&noUDP&sock=1070130_bfb6_4>
...
006 (48010.000.000) 11/16 16:22:18 Image size of job updated: 99960
	98  -  MemoryUsage of job (MB)
	99960  -  ResidentSetSize of job (KB)
...
006 (48010.000.000) 11/16 16:22:41 Image size of job updated: 18892136
	98  -  MemoryUsage of job (MB)
	99976  -  ResidentSetSize of job (KB)
...
005 (48010.000.000) 11/16 16:22:42 Job terminated.
	(1) Normal termination (return value 1)
		Usr 0 00:00:21, Sys 0 00:00:09  -  Run Remote Usage
		Usr 0 00:00:00, Sys 0 00:00:00  -  Run Local Usage
		Usr 0 00:00:21, Sys 0 00:00:09  -  Total Remote Usage
		Usr 0 00:00:00, Sys 0 00:00:00  -  Total Local Usage
	0  -  Run Bytes Sent By Job
	0  -  Run Bytes Received By Job
	0  -  Total Bytes Sent By Job
	0  -  Total Bytes Received By Job
	Partitionable Resources :    Usage  Request Allocated
	   Cpus                 :                 1         1
	   Disk (KB)            :        1        1    465402
	   Memory (MB)          :       98     2048      2048
...
000 (48011.000.000) 11/16 16:24:19 Job submitted from host: <192.168.100.49:9618?addrs=192.168.100.49-9618&noUDP&sock=2478170_12b9_3>
...
001 (48011.000.000) 11/16 16:24:38 Job executing on host: <192.168.100.52:9618?addrs=192.168.100.52-9618&noUDP&sock=1070130_bfb6_4>
...
006 (48011.000.000) 11/16 16:24:47 Image size of job updated: 73608
	72  -  MemoryUsage of job (MB)
	73608  -  ResidentSetSize of job (KB)
...
006 (48011.000.000) 11/16 16:25:13 Image size of job updated: 19970752
	72  -  MemoryUsage of job (MB)
	73620  -  ResidentSetSize of job (KB)
...
005 (48011.000.000) 11/16 16:25:13 Job terminated.
	(1) Normal termination (return value 1)
		Usr 0 00:00:21, Sys 0 00:00:08  -  Run Remote Usage
		Usr 0 00:00:00, Sys 0 00:00:00  -  Run Local Usage
		Usr 0 00:00:21, Sys 0 00:00:08  -  Total Remote Usage
		Usr 0 00:00:00, Sys 0 00:00:00  -  Total Local Usage
	0  -  Run Bytes Sent By Job
	0  -  Run Bytes Received By Job
	0  -  Total Bytes Sent By Job
	0  -  Total Bytes Received By Job
	Partitionable Resources :    Usage  Request Allocated
	   Cpus                 :                 1         1
	   Disk (KB)            :        1        1    465402
	   Memory (MB)          :       72     3072      3072
...
000 (48012.000.000) 11/16 16:27:20 Job submitted from host: <192.168.100.49:9618?addrs=192.168.100.49-9618&noUDP&sock=2478170_12b9_3>
...
001 (48012.000.000) 11/16 16:27:49 Job executing on host: <192.168.100.52:9618?addrs=192.168.100.52-9618&noUDP&sock=1070130_bfb6_4>
...
006 (48012.000.000) 11/16 16:27:57 Image size of job updated: 79508
	78  -  MemoryUsage of job (MB)
	79508  -  ResidentSetSize of job (KB)
...
006 (48012.000.000) 11/16 16:28:23 Image size of job updated: 14993808
	78  -  MemoryUsage of job (MB)
	79528  -  ResidentSetSize of job (KB)
...
005 (48012.000.000) 11/16 16:28:24 Job terminated.
	(1) Normal termination (return value 1)
		Usr 0 00:00:21, Sys 0 00:00:09  -  Run Remote Usage
		Usr 0 00:00:00, Sys 0 00:00:00  -  Run Local Usage
		Usr 0 00:00:21, Sys 0 00:00:09  -  Total Remote Usage
		Usr 0 00:00:00, Sys 0 00:00:00  -  Total Local Usage
	0  -  Run Bytes Sent By Job
	0  -  Run Bytes Received By Job
	0  -  Total Bytes Sent By Job
	0  -  Total Bytes Received By Job
	Partitionable Resources :    Usage  Request Allocated
	   Cpus                 :                 1         1
	   Disk (KB)            :        1        1    465402
	   Memory (MB)          :       78     5120      5120
...
000 (48013.000.000) 11/16 16:30:06 Job submitted from host: <192.168.100.49:9618?addrs=192.168.100.49-9618&noUDP&sock=2478170_12b9_3>
...
001 (48013.000.000) 11/16 16:30:06 Job executing on host: <192.168.100.52:9618?addrs=192.168.100.52-9618&noUDP&sock=1070130_bfb6_4>
...
006 (48013.000.000) 11/16 16:30:15 Image size of job updated: 82320
	81  -  MemoryUsage of job (MB)
	82320  -  ResidentSetSize of job (KB)
...
006 (48013.000.000) 11/16 16:30:31 Image size of job updated: 269568
	81  -  MemoryUsage of job (MB)
	82332  -  ResidentSetSize of job (KB)
...
005 (48013.000.000) 11/16 16:30:32 Job terminated.
	(1) Normal termination (return value 0)
		Usr 0 00:00:19, Sys 0 00:00:01  -  Run Remote Usage
		Usr 0 00:00:00, Sys 0 00:00:00  -  Run Local Usage
		Usr 0 00:00:19, Sys 0 00:00:01  -  Total Remote Usage
		Usr 0 00:00:00, Sys 0 00:00:00  -  Total Local Usage
	0  -  Run Bytes Sent By Job
	0  -  Run Bytes Received By Job
	0  -  Total Bytes Sent By Job
	0  -  Total Bytes Received By Job
	Partitionable Resources :    Usage  Request Allocated
	   Cpus                 :                 1         1
	   Disk (KB)            :        1        1    465402
	   Memory (MB)          :       81     5120      5120
...
000 (48015.000.000) 11/16 16:33:16 Job submitted from host: <192.168.100.49:9618?addrs=192.168.100.49-9618&noUDP&sock=2478170_12b9_3>
...
001 (48015.000.000) 11/16 16:33:16 Job executing on host: <192.168.100.52:9618?addrs=192.168.100.52-9618&noUDP&sock=1070130_bfb6_4>
...
006 (48015.000.000) 11/16 16:33:25 Image size of job updated: 79280
	78  -  MemoryUsage of job (MB)
	79280  -  ResidentSetSize of job (KB)
...
006 (48015.000.000) 11/16 16:33:42 Image size of job updated: 237324
	78  -  MemoryUsage of job (MB)
	79288  -  ResidentSetSize of job (KB)
...
005 (48015.000.000) 11/16 16:33:42 Job terminated.
	(1) Normal termination (return value 0)
		Usr 0 00:00:20, Sys 0 00:00:01  -  Run Remote Usage
		Usr 0 00:00:00, Sys 0 00:00:00  -  Run Local Usage
		Usr 0 00:00:20, Sys 0 00:00:01  -  Total Remote Usage
		Usr 0 00:00:00, Sys 0 00:00:00  -  Total Local Usage
	0  -  Run Bytes Sent By Job
	0  -  Run Bytes Received By Job
	0  -  Total Bytes Sent By Job
	0  -  Total Bytes Received By Job
	Partitionable Resources :    Usage  Request Allocated
	   Cpus                 :                 1         1
	   Disk (KB)            :        1        1    465402
	   Memory (MB)          :       78     5120      5120
...
000 (48016.000.000) 11/16 16:37:04 Job submitted from host: <192.168.100.49:9618?addrs=192.168.100.49-9618&noUDP&sock=2478170_12b9_3>
...
001 (48016.000.000) 11/16 16:37:04 Job executing on host: <192.168.100.52:9618?addrs=192.168.100.52-9618&noUDP&sock=1070130_bfb6_4>
...
006 (48016.000.000) 11/16 16:37:13 Image size of job updated: 85112
	84  -  MemoryUsage of job (MB)
	85112  -  ResidentSetSize of job (KB)
...
006 (48016.000.000) 11/16 16:37:29 Image size of job updated: 18985224
	84  -  MemoryUsage of job (MB)
	85120  -  ResidentSetSize of job (KB)
...
005 (48016.000.000) 11/16 16:37:29 Job terminated.
	(1) Normal termination (return value 0)
		Usr 0 00:00:19, Sys 0 00:00:01  -  Run Remote Usage
		Usr 0 00:00:00, Sys 0 00:00:00  -  Run Local Usage
		Usr 0 00:00:19, Sys 0 00:00:01  -  Total Remote Usage
		Usr 0 00:00:00, Sys 0 00:00:00  -  Total Local Usage
	0  -  Run Bytes Sent By Job
	0  -  Run Bytes Received By Job
	0  -  Total Bytes Sent By Job
	0  -  Total Bytes Received By Job
	Partitionable Resources :    Usage  Request Allocated
	   Cpus                 :                 1         1
	   Disk (KB)            :        1        1    465402
	   Memory (MB)          :       84     5120      5120
...
000 (48057.000.000) 11/16 17:37:41 Job submitted from host: <192.168.100.49:9618?addrs=192.168.100.49-9618&noUDP&sock=2478170_12b9_3>
...
001 (48057.000.000) 11/16 17:38:12 Job executing on host: <192.168.100.53:9618?addrs=192.168.100.53-9618&noUDP&sock=1037191_55aa_4>
...
006 (48057.000.000) 11/16 17:38:21 Image size of job updated: 34876
	26  -  MemoryUsage of job (MB)
	25780  -  ResidentSetSize of job (KB)
...
006 (48057.000.000) 11/16 17:39:01 Image size of job updated: 1536316
	26  -  MemoryUsage of job (MB)
	25780  -  ResidentSetSize of job (KB)
...
005 (48057.000.000) 11/16 17:39:01 Job terminated.
	(1) Normal termination (return value 1)
		Usr 0 00:00:26, Sys 0 00:00:04  -  Run Remote Usage
		Usr 0 00:00:00, Sys 0 00:00:00  -  Run Local Usage
		Usr 0 00:00:26, Sys 0 00:00:04  -  Total Remote Usage
		Usr 0 00:00:00, Sys 0 00:00:00  -  Total Local Usage
	0  -  Run Bytes Sent By Job
	0  -  Run Bytes Received By Job
	0  -  Total Bytes Sent By Job
	0  -  Total Bytes Received By Job
	Partitionable Resources :    Usage  Request Allocated
	   Cpus                 :                 1         1
	   Disk (KB)            :        1        1   1923579
	   Memory (MB)          :       26     5120      5120
...
000 (48072.000.000) 11/16 18:02:44 Job submitted from host: <192.168.100.49:9618?addrs=192.168.100.49-9618&noUDP&sock=2478170_12b9_3>
...
001 (48072.000.000) 11/16 18:02:56 Job executing on host: <192.168.100.52:9618?addrs=192.168.100.52-9618&noUDP&sock=1070130_bfb6_4>
...
006 (48072.000.000) 11/16 18:02:58 Image size of job updated: 1
	0  -  MemoryUsage of job (MB)
	0  -  ResidentSetSize of job (KB)
...
005 (48072.000.000) 11/16 18:02:59 Job terminated.
	(1) Normal termination (return value 1)
		Usr 0 00:00:00, Sys 0 00:00:00  -  Run Remote Usage
		Usr 0 00:00:00, Sys 0 00:00:00  -  Run Local Usage
		Usr 0 00:00:00, Sys 0 00:00:00  -  Total Remote Usage
		Usr 0 00:00:00, Sys 0 00:00:00  -  Total Local Usage
	0  -  Run Bytes Sent By Job
	0  -  Run Bytes Received By Job
	0  -  Total Bytes Sent By Job
	0  -  Total Bytes Received By Job
	Partitionable Resources :    Usage  Request Allocated
	   Cpus                 :                 1         1
	   Disk (KB)            :        1        1    465402
	   Memory (MB)          :        0     5120      5120
...
000 (48073.000.000) 11/16 18:04:03 Job submitted from host: <192.168.100.49:9618?addrs=192.168.100.49-9618&noUDP&sock=2478170_12b9_3>
...
001 (48073.000.000) 11/16 18:04:16 Job executing on host: <192.168.100.52:9618?addrs=192.168.100.52-9618&noUDP&sock=1070130_bfb6_4>
...
006 (48073.000.000) 11/16 18:04:25 Image size of job updated: 99452
	98  -  MemoryUsage of job (MB)
	99452  -  ResidentSetSize of job (KB)
...
006 (48073.000.000) 11/16 18:05:24 Image size of job updated: 1967600
	98  -  MemoryUsage of job (MB)
	99464  -  ResidentSetSize of job (KB)
...
005 (48073.000.000) 11/16 18:05:24 Job terminated.
	(1) Normal termination (return value 1)
		Usr 0 00:01:05, Sys 0 00:00:01  -  Run Remote Usage
		Usr 0 00:00:00, Sys 0 00:00:00  -  Run Local Usage
		Usr 0 00:01:05, Sys 0 00:00:01  -  Total Remote Usage
		Usr 0 00:00:00, Sys 0 00:00:00  -  Total Local Usage
	0  -  Run Bytes Sent By Job
	0  -  Run Bytes Received By Job
	0  -  Total Bytes Sent By Job
	0  -  Total Bytes Received By Job
	Partitionable Resources :    Usage  Request Allocated
	   Cpus                 :                 1         1
	   Disk (KB)            :        1        1    465402
	   Memory (MB)          :       98     5120      5120
...
000 (48076.000.000) 11/16 18:12:28 Job submitted from host: <192.168.100.49:9618?addrs=192.168.100.49-9618&noUDP&sock=2478170_12b9_3>
...
001 (48076.000.000) 11/16 18:12:28 Job executing on host: <192.168.100.52:9618?addrs=192.168.100.52-9618&noUDP&sock=1070130_bfb6_4>
...
006 (48076.000.000) 11/16 18:12:30 Image size of job updated: 1
	0  -  MemoryUsage of job (MB)
	0  -  ResidentSetSize of job (KB)
...
005 (48076.000.000) 11/16 18:12:30 Job terminated.
	(1) Normal termination (return value 1)
		Usr 0 00:00:00, Sys 0 00:00:00  -  Run Remote Usage
		Usr 0 00:00:00, Sys 0 00:00:00  -  Run Local Usage
		Usr 0 00:00:00, Sys 0 00:00:00  -  Total Remote Usage
		Usr 0 00:00:00, Sys 0 00:00:00  -  Total Local Usage
	0  -  Run Bytes Sent By Job
	0  -  Run Bytes Received By Job
	0  -  Total Bytes Sent By Job
	0  -  Total Bytes Received By Job
	Partitionable Resources :    Usage  Request Allocated
	   Cpus                 :                 1         1
	   Disk (KB)            :        1        1    465402
	   Memory (MB)          :        0     5120      5120
...
000 (48077.000.000) 11/16 18:13:04 Job submitted from host: <192.168.100.49:9618?addrs=192.168.100.49-9618&noUDP&sock=2478170_12b9_3>
...
001 (48077.000.000) 11/16 18:13:19 Job executing on host: <192.168.100.52:9618?addrs=192.168.100.52-9618&noUDP&sock=1070130_bfb6_4>
...
006 (48077.000.000) 11/16 18:13:28 Image size of job updated: 103108
	101  -  MemoryUsage of job (MB)
	103108  -  ResidentSetSize of job (KB)
...
006 (48077.000.000) 11/16 18:18:29 Image size of job updated: 18227588
	17801  -  MemoryUsage of job (MB)
	18227584  -  ResidentSetSize of job (KB)
...
006 (48077.000.000) 11/16 18:23:29 Image size of job updated: 18227844
	17801  -  MemoryUsage of job (MB)
	18227840  -  ResidentSetSize of job (KB)
...
000 (48078.000.000) 11/16 18:29:02 Job submitted from host: <192.168.100.49:9618?addrs=192.168.100.49-9618&noUDP&sock=2478170_12b9_3>
...
001 (48078.000.000) 11/16 18:29:11 Job executing on host: <192.168.100.52:9618?addrs=192.168.100.52-9618&noUDP&sock=1070130_bfb6_4>
...
006 (48078.000.000) 11/16 18:29:12 Image size of job updated: 1
	0  -  MemoryUsage of job (MB)
	0  -  ResidentSetSize of job (KB)
...
005 (48078.000.000) 11/16 18:29:12 Job terminated.
	(1) Normal termination (return value 1)
		Usr 0 00:00:00, Sys 0 00:00:00  -  Run Remote Usage
		Usr 0 00:00:00, Sys 0 00:00:00  -  Run Local Usage
		Usr 0 00:00:00, Sys 0 00:00:00  -  Total Remote Usage
		Usr 0 00:00:00, Sys 0 00:00:00  -  Total Local Usage
	0  -  Run Bytes Sent By Job
	0  -  Run Bytes Received By Job
	0  -  Total Bytes Sent By Job
	0  -  Total Bytes Received By Job
	Partitionable Resources :    Usage  Request Allocated
	   Cpus                 :                 1         1
	   Disk (KB)            :        1        1    465402
	   Memory (MB)          :        0     5120      5120
...
000 (48079.000.000) 11/16 18:35:21 Job submitted from host: <192.168.100.49:9618?addrs=192.168.100.49-9618&noUDP&sock=2478170_12b9_3>
...
001 (48079.000.000) 11/16 18:35:25 Job executing on host: <192.168.100.52:9618?addrs=192.168.100.52-9618&noUDP&sock=1070130_bfb6_4>
...
006 (48079.000.000) 11/16 18:35:33 Image size of job updated: 77484
	76  -  MemoryUsage of job (MB)
	77484  -  ResidentSetSize of job (KB)
...
006 (48079.000.000) 11/16 18:40:33 Image size of job updated: 1980760
	1935  -  MemoryUsage of job (MB)
	1980760  -  ResidentSetSize of job (KB)
...
006 (48079.000.000) 11/16 18:45:33 Image size of job updated: 2004088
	1958  -  MemoryUsage of job (MB)
	2004088  -  ResidentSetSize of job (KB)
...
004 (48077.000.000) 11/16 18:46:44 Job was evicted.
	(0) Job was not checkpointed.
		Usr 0 00:33:19, Sys 0 00:00:04  -  Run Remote Usage
		Usr 0 00:00:00, Sys 0 00:00:00  -  Run Local Usage
	0  -  Run Bytes Sent By Job
	0  -  Run Bytes Received By Job
	Partitionable Resources :    Usage  Request Allocated
	   Cpus                 :                 1         1
	   Disk (KB)            :        1        1    465402
	   Memory (MB)          :    17801     5120      5120
...
009 (48077.000.000) 11/16 18:46:44 Job was aborted by the user.
	via condor_rm (by user dserai)
...
006 (48079.000.000) 11/16 18:46:53 Image size of job updated: 2011108
	1964  -  MemoryUsage of job (MB)
	2011108  -  ResidentSetSize of job (KB)
...
004 (48079.000.000) 11/16 18:46:53 Job was evicted.
	(0) Job was not checkpointed.
		Usr 0 00:11:23, Sys 0 00:00:01  -  Run Remote Usage
		Usr 0 00:00:00, Sys 0 00:00:00  -  Run Local Usage
	0  -  Run Bytes Sent By Job
	0  -  Run Bytes Received By Job
	Partitionable Resources :    Usage  Request Allocated
	   Cpus                 :                 1         1
	   Disk (KB)            :        1        1    465402
	   Memory (MB)          :     1964     5120      5120
...
009 (48079.000.000) 11/16 18:46:53 Job was aborted by the user.
	via condor_rm (by user dserai)
...
000 (48080.000.000) 11/16 18:47:11 Job submitted from host: <192.168.100.49:9618?addrs=192.168.100.49-9618&noUDP&sock=2478170_12b9_3>
...
001 (48080.000.000) 11/16 18:47:15 Job executing on host: <192.168.100.53:9618?addrs=192.168.100.53-9618&noUDP&sock=1037191_55aa_4>
...
006 (48080.000.000) 11/16 18:47:23 Image size of job updated: 84952
	69  -  MemoryUsage of job (MB)
	69748  -  ResidentSetSize of job (KB)
...
006 (48080.000.000) 11/16 18:52:23 Image size of job updated: 18238200
	17796  -  MemoryUsage of job (MB)
	18222792  -  ResidentSetSize of job (KB)
...
006 (48080.000.000) 11/16 18:57:23 Image size of job updated: 18238720
	17797  -  MemoryUsage of job (MB)
	18223312  -  ResidentSetSize of job (KB)
...
006 (48080.000.000) 11/16 19:02:24 Image size of job updated: 18239988
	17798  -  MemoryUsage of job (MB)
	18224580  -  ResidentSetSize of job (KB)
...
006 (48080.000.000) 11/16 19:07:25 Image size of job updated: 18240256
	17798  -  MemoryUsage of job (MB)
	18224848  -  ResidentSetSize of job (KB)
...
006 (48080.000.000) 11/16 19:12:25 Image size of job updated: 18240568
	17799  -  MemoryUsage of job (MB)
	18225160  -  ResidentSetSize of job (KB)
...
004 (48080.000.000) 11/16 19:12:34 Job was evicted.
	(0) Job was not checkpointed.
		Usr 0 00:24:55, Sys 0 00:00:18  -  Run Remote Usage
		Usr 0 00:00:00, Sys 0 00:00:00  -  Run Local Usage
	0  -  Run Bytes Sent By Job
	0  -  Run Bytes Received By Job
	Partitionable Resources :    Usage  Request Allocated
	   Cpus                 :                 1         1
	   Disk (KB)            :        1        1   1923579
	   Memory (MB)          :    17799     5120      5120
...
009 (48080.000.000) 11/16 19:12:34 Job was aborted by the user.
	via condor_rm (by user dserai)
...
000 (48083.000.000) 11/16 19:12:49 Job submitted from host: <192.168.100.49:9618?addrs=192.168.100.49-9618&noUDP&sock=2478170_12b9_3>
...
001 (48083.000.000) 11/16 19:12:52 Job executing on host: <192.168.100.52:9618?addrs=192.168.100.52-9618&noUDP&sock=1070130_bfb6_4>
...
006 (48083.000.000) 11/16 19:13:00 Image size of job updated: 90584
	89  -  MemoryUsage of job (MB)
	90584  -  ResidentSetSize of job (KB)
...
006 (48083.000.000) 11/16 19:13:48 Image size of job updated: 20779968
	89  -  MemoryUsage of job (MB)
	90592  -  ResidentSetSize of job (KB)
...
005 (48083.000.000) 11/16 19:13:48 Job terminated.
	(1) Normal termination (return value 1)
		Usr 0 00:00:36, Sys 0 00:00:18  -  Run Remote Usage
		Usr 0 00:00:00, Sys 0 00:00:00  -  Run Local Usage
		Usr 0 00:00:36, Sys 0 00:00:18  -  Total Remote Usage
		Usr 0 00:00:00, Sys 0 00:00:00  -  Total Local Usage
	0  -  Run Bytes Sent By Job
	0  -  Run Bytes Received By Job
	0  -  Total Bytes Sent By Job
	0  -  Total Bytes Received By Job
	Partitionable Resources :    Usage  Request Allocated
	   Cpus                 :                 1         1
	   Disk (KB)            :        1        1    465402
	   Memory (MB)          :       89     5120      5120
...
000 (48084.000.000) 11/16 19:14:32 Job submitted from host: <192.168.100.49:9618?addrs=192.168.100.49-9618&noUDP&sock=2478170_12b9_3>
...
001 (48084.000.000) 11/16 19:14:41 Job executing on host: <192.168.100.52:9618?addrs=192.168.100.52-9618&noUDP&sock=1070130_bfb6_4>
...
006 (48084.000.000) 11/16 19:14:50 Image size of job updated: 101192
	99  -  MemoryUsage of job (MB)
	101192  -  ResidentSetSize of job (KB)
...
006 (48084.000.000) 11/16 19:15:56 Image size of job updated: 36234620
	99  -  MemoryUsage of job (MB)
	101224  -  ResidentSetSize of job (KB)
...
005 (48084.000.000) 11/16 19:15:57 Job terminated.
	(1) Normal termination (return value 1)
		Usr 0 00:00:47, Sys 0 00:00:26  -  Run Remote Usage
		Usr 0 00:00:00, Sys 0 00:00:00  -  Run Local Usage
		Usr 0 00:00:47, Sys 0 00:00:26  -  Total Remote Usage
		Usr 0 00:00:00, Sys 0 00:00:00  -  Total Local Usage
	0  -  Run Bytes Sent By Job
	0  -  Run Bytes Received By Job
	0  -  Total Bytes Sent By Job
	0  -  Total Bytes Received By Job
	Partitionable Resources :    Usage  Request Allocated
	   Cpus                 :                 1         1
	   Disk (KB)            :        1        1    465402
	   Memory (MB)          :       99     5120      5120
...
000 (48085.000.000) 11/16 19:16:42 Job submitted from host: <192.168.100.49:9618?addrs=192.168.100.49-9618&noUDP&sock=2478170_12b9_3>
...
001 (48085.000.000) 11/16 19:16:58 Job executing on host: <192.168.100.51:9618?addrs=192.168.100.51-9618&noUDP&sock=1064592_243a_4>
...
006 (48085.000.000) 11/16 19:17:07 Image size of job updated: 74888
	71  -  MemoryUsage of job (MB)
	72104  -  ResidentSetSize of job (KB)
...
006 (48085.000.000) 11/16 19:17:35 Image size of job updated: 216688
	71  -  MemoryUsage of job (MB)
	72104  -  ResidentSetSize of job (KB)
...
005 (48085.000.000) 11/16 19:17:35 Job terminated.
	(1) Normal termination (return value 1)
		Usr 0 00:00:33, Sys 0 00:00:01  -  Run Remote Usage
		Usr 0 00:00:00, Sys 0 00:00:00  -  Run Local Usage
		Usr 0 00:00:33, Sys 0 00:00:01  -  Total Remote Usage
		Usr 0 00:00:00, Sys 0 00:00:00  -  Total Local Usage
	0  -  Run Bytes Sent By Job
	0  -  Run Bytes Received By Job
	0  -  Total Bytes Sent By Job
	0  -  Total Bytes Received By Job
	Partitionable Resources :    Usage  Request Allocated
	   Cpus                 :                 1         1
	   Disk (KB)            :        1        1   4566683
	   Memory (MB)          :       71     5120      5120
...
000 (48086.000.000) 11/16 19:20:44 Job submitted from host: <192.168.100.49:9618?addrs=192.168.100.49-9618&noUDP&sock=2478170_12b9_3>
...
001 (48086.000.000) 11/16 19:20:45 Job executing on host: <192.168.100.52:9618?addrs=192.168.100.52-9618&noUDP&sock=1070130_bfb6_4>
...
006 (48086.000.000) 11/16 19:20:53 Image size of job updated: 96500
	95  -  MemoryUsage of job (MB)
	96500  -  ResidentSetSize of job (KB)
...
006 (48086.000.000) 11/16 19:25:53 Image size of job updated: 54341688
	53069  -  MemoryUsage of job (MB)
	54341688  -  ResidentSetSize of job (KB)
...
006 (48086.000.000) 11/16 19:27:01 Image size of job updated: 54341688
	53069  -  MemoryUsage of job (MB)
	54342336  -  ResidentSetSize of job (KB)
...
005 (48086.000.000) 11/16 19:27:01 Job terminated.
	(1) Normal termination (return value 0)
		Usr 0 00:04:41, Sys 0 00:01:35  -  Run Remote Usage
		Usr 0 00:00:00, Sys 0 00:00:00  -  Run Local Usage
		Usr 0 00:04:41, Sys 0 00:01:35  -  Total Remote Usage
		Usr 0 00:00:00, Sys 0 00:00:00  -  Total Local Usage
	0  -  Run Bytes Sent By Job
	0  -  Run Bytes Received By Job
	0  -  Total Bytes Sent By Job
	0  -  Total Bytes Received By Job
	Partitionable Resources :    Usage  Request Allocated
	   Cpus                 :                 1         1
	   Disk (KB)            :        1        1    465402
	   Memory (MB)          :    53069     5120      5120
...
000 (48093.000.000) 11/16 19:29:48 Job submitted from host: <192.168.100.49:9618?addrs=192.168.100.49-9618&noUDP&sock=2478170_12b9_3>
...
001 (48093.000.000) 11/16 19:29:59 Job executing on host: <192.168.100.52:9618?addrs=192.168.100.52-9618&noUDP&sock=1070130_bfb6_4>
...
006 (48093.000.000) 11/16 19:30:07 Image size of job updated: 92480
	91  -  MemoryUsage of job (MB)
	92480  -  ResidentSetSize of job (KB)
...
006 (48093.000.000) 11/16 19:35:07 Image size of job updated: 59179476
	57793  -  MemoryUsage of job (MB)
	59179476  -  ResidentSetSize of job (KB)
...
006 (48093.000.000) 11/16 19:36:02 Image size of job updated: 59179476
	57794  -  MemoryUsage of job (MB)
	59180232  -  ResidentSetSize of job (KB)
...
005 (48093.000.000) 11/16 19:36:02 Job terminated.
	(1) Normal termination (return value 0)
		Usr 0 00:04:44, Sys 0 00:01:17  -  Run Remote Usage
		Usr 0 00:00:00, Sys 0 00:00:00  -  Run Local Usage
		Usr 0 00:04:44, Sys 0 00:01:17  -  Total Remote Usage
		Usr 0 00:00:00, Sys 0 00:00:00  -  Total Local Usage
	0  -  Run Bytes Sent By Job
	0  -  Run Bytes Received By Job
	0  -  Total Bytes Sent By Job
	0  -  Total Bytes Received By Job
	Partitionable Resources :    Usage  Request Allocated
	   Cpus                 :                 1         1
	   Disk (KB)            :        1        1    465402
	   Memory (MB)          :    57794     5120      5120
...
000 (48126.000.000) 11/16 21:49:02 Job submitted from host: <192.168.100.49:9618?addrs=192.168.100.49-9618&noUDP&sock=2478170_12b9_3>
...
001 (48126.000.000) 11/16 21:49:07 Job executing on host: <192.168.100.52:9618?addrs=192.168.100.52-9618&noUDP&sock=1070130_bfb6_4>
...
006 (48126.000.000) 11/16 21:49:16 Image size of job updated: 95388
	94  -  MemoryUsage of job (MB)
	95388  -  ResidentSetSize of job (KB)
...
006 (48126.000.000) 11/16 21:54:17 Image size of job updated: 49505848
	48346  -  MemoryUsage of job (MB)
	49505848  -  ResidentSetSize of job (KB)
...
006 (48126.000.000) 11/16 21:55:44 Image size of job updated: 49505848
	48347  -  MemoryUsage of job (MB)
	49506536  -  ResidentSetSize of job (KB)
...
005 (48126.000.000) 11/16 21:55:44 Job terminated.
	(1) Normal termination (return value 0)
		Usr 0 00:04:55, Sys 0 00:01:39  -  Run Remote Usage
		Usr 0 00:00:00, Sys 0 00:00:00  -  Run Local Usage
		Usr 0 00:04:55, Sys 0 00:01:39  -  Total Remote Usage
		Usr 0 00:00:00, Sys 0 00:00:00  -  Total Local Usage
	0  -  Run Bytes Sent By Job
	0  -  Run Bytes Received By Job
	0  -  Total Bytes Sent By Job
	0  -  Total Bytes Received By Job
	Partitionable Resources :    Usage  Request Allocated
	   Cpus                 :                 1         1
	   Disk (KB)            :        1        1    465402
	   Memory (MB)          :    48347     5120      5120
...
000 (48134.000.000) 11/16 22:10:18 Job submitted from host: <192.168.100.49:9618?addrs=192.168.100.49-9618&noUDP&sock=2478170_12b9_3>
...
001 (48134.000.000) 11/16 22:10:34 Job executing on host: <192.168.100.51:9618?addrs=192.168.100.51-9618&noUDP&sock=1064592_243a_4>
...
006 (48134.000.000) 11/16 22:10:43 Image size of job updated: 73544
	70  -  MemoryUsage of job (MB)
	70760  -  ResidentSetSize of job (KB)
...
006 (48134.000.000) 11/16 22:15:44 Image size of job updated: 62710552
	61238  -  MemoryUsage of job (MB)
	62707584  -  ResidentSetSize of job (KB)
...
000 (48138.000.000) 11/16 22:16:22 Job submitted from host: <192.168.100.49:9618?addrs=192.168.100.49-9618&noUDP&sock=2478170_12b9_3>
...
001 (48138.000.000) 11/16 22:16:22 Job executing on host: <192.168.100.52:9618?addrs=192.168.100.52-9618&noUDP&sock=1070130_bfb6_4>
...
006 (48138.000.000) 11/16 22:16:31 Image size of job updated: 88916
	87  -  MemoryUsage of job (MB)
	88916  -  ResidentSetSize of job (KB)
...
006 (48134.000.000) 11/16 22:17:15 Image size of job updated: 62710552
	61240  -  MemoryUsage of job (MB)
	62709632  -  ResidentSetSize of job (KB)
...
005 (48134.000.000) 11/16 22:17:16 Job terminated.
	(1) Normal termination (return value 0)
		Usr 0 00:05:28, Sys 0 00:01:07  -  Run Remote Usage
		Usr 0 00:00:00, Sys 0 00:00:00  -  Run Local Usage
		Usr 0 00:05:28, Sys 0 00:01:07  -  Total Remote Usage
		Usr 0 00:00:00, Sys 0 00:00:00  -  Total Local Usage
	0  -  Run Bytes Sent By Job
	0  -  Run Bytes Received By Job
	0  -  Total Bytes Sent By Job
	0  -  Total Bytes Received By Job
	Partitionable Resources :    Usage  Request Allocated
	   Cpus                 :                 1         1
	   Disk (KB)            :        1        1   4566683
	   Memory (MB)          :    61240     5120      5120
...
000 (48139.000.000) 11/16 22:19:13 Job submitted from host: <192.168.100.49:9618?addrs=192.168.100.49-9618&noUDP&sock=2478170_12b9_3>
...
001 (48139.000.000) 11/16 22:19:32 Job executing on host: <192.168.100.52:9618?addrs=192.168.100.52-9618&noUDP&sock=1070130_bfb6_4>
...
006 (48139.000.000) 11/16 22:19:41 Image size of job updated: 94056
	92  -  MemoryUsage of job (MB)
	94056  -  ResidentSetSize of job (KB)
...
006 (48139.000.000) 11/16 22:19:56 Image size of job updated: 272984
	92  -  MemoryUsage of job (MB)
	94056  -  ResidentSetSize of job (KB)
...
005 (48139.000.000) 11/16 22:19:56 Job terminated.
	(1) Normal termination (return value 0)
		Usr 0 00:00:19, Sys 0 00:00:03  -  Run Remote Usage
		Usr 0 00:00:00, Sys 0 00:00:00  -  Run Local Usage
		Usr 0 00:00:19, Sys 0 00:00:03  -  Total Remote Usage
		Usr 0 00:00:00, Sys 0 00:00:00  -  Total Local Usage
	0  -  Run Bytes Sent By Job
	0  -  Run Bytes Received By Job
	0  -  Total Bytes Sent By Job
	0  -  Total Bytes Received By Job
	Partitionable Resources :    Usage  Request Allocated
	   Cpus                 :                 1         1
	   Disk (KB)            :        1        1    465402
	   Memory (MB)          :       92     5120      5120
...
006 (48138.000.000) 11/16 22:21:32 Image size of job updated: 56301892
	54983  -  MemoryUsage of job (MB)
	56301892  -  ResidentSetSize of job (KB)
...
006 (48138.000.000) 11/16 22:22:34 Image size of job updated: 56301892
	54984  -  MemoryUsage of job (MB)
	56302732  -  ResidentSetSize of job (KB)
...
005 (48138.000.000) 11/16 22:22:34 Job terminated.
	(1) Normal termination (return value 0)
		Usr 0 00:04:48, Sys 0 00:01:20  -  Run Remote Usage
		Usr 0 00:00:00, Sys 0 00:00:00  -  Run Local Usage
		Usr 0 00:04:48, Sys 0 00:01:20  -  Total Remote Usage
		Usr 0 00:00:00, Sys 0 00:00:00  -  Total Local Usage
	0  -  Run Bytes Sent By Job
	0  -  Run Bytes Received By Job
	0  -  Total Bytes Sent By Job
	0  -  Total Bytes Received By Job
	Partitionable Resources :    Usage  Request Allocated
	   Cpus                 :                 1         1
	   Disk (KB)            :        1        1    465402
	   Memory (MB)          :    54984     5120      5120
...
