000 (48103.000.000) 11/16 20:19:30 Job submitted from host: <192.168.100.49:9618?addrs=192.168.100.49-9618&noUDP&sock=2478170_12b9_3>
...
001 (48103.000.000) 11/16 20:19:39 Job executing on host: <192.168.100.53:9618?addrs=192.168.100.53-9618&noUDP&sock=1037191_55aa_4>
...
006 (48103.000.000) 11/16 20:19:48 Image size of job updated: 98424
	81  -  MemoryUsage of job (MB)
	82192  -  ResidentSetSize of job (KB)
...
006 (48103.000.000) 11/16 20:20:12 Image size of job updated: 230740
	81  -  MemoryUsage of job (MB)
	82192  -  ResidentSetSize of job (KB)
...
005 (48103.000.000) 11/16 20:20:12 Job terminated.
	(1) Normal termination (return value 1)
		Usr 0 00:00:22, Sys 0 00:00:01  -  Run Remote Usage
		Usr 0 00:00:00, Sys 0 00:00:00  -  Run Local Usage
		Usr 0 00:00:22, Sys 0 00:00:01  -  Total Remote Usage
		Usr 0 00:00:00, Sys 0 00:00:00  -  Total Local Usage
	0  -  Run Bytes Sent By Job
	0  -  Run Bytes Received By Job
	0  -  Total Bytes Sent By Job
	0  -  Total Bytes Received By Job
	Partitionable Resources :    Usage  Request Allocated
	   Cpus                 :                 1         1
	   Disk (KB)            :        1        1   1923579
	   Memory (MB)          :       81     5120      5120
...
000 (48104.000.000) 11/16 20:22:11 Job submitted from host: <192.168.100.49:9618?addrs=192.168.100.49-9618&noUDP&sock=2478170_12b9_3>
...
001 (48104.000.000) 11/16 20:22:25 Job executing on host: <192.168.100.52:9618?addrs=192.168.100.52-9618&noUDP&sock=1070130_bfb6_4>
...
006 (48104.000.000) 11/16 20:22:33 Image size of job updated: 107688
	106  -  MemoryUsage of job (MB)
	107688  -  ResidentSetSize of job (KB)
...
006 (48104.000.000) 11/16 20:22:46 Image size of job updated: 214276
	106  -  MemoryUsage of job (MB)
	107712  -  ResidentSetSize of job (KB)
...
005 (48104.000.000) 11/16 20:22:46 Job terminated.
	(1) Normal termination (return value 0)
		Usr 0 00:00:18, Sys 0 00:00:00  -  Run Remote Usage
		Usr 0 00:00:00, Sys 0 00:00:00  -  Run Local Usage
		Usr 0 00:00:18, Sys 0 00:00:00  -  Total Remote Usage
		Usr 0 00:00:00, Sys 0 00:00:00  -  Total Local Usage
	0  -  Run Bytes Sent By Job
	0  -  Run Bytes Received By Job
	0  -  Total Bytes Sent By Job
	0  -  Total Bytes Received By Job
	Partitionable Resources :    Usage  Request Allocated
	   Cpus                 :                 1         1
	   Disk (KB)            :        1        1    465402
	   Memory (MB)          :      106     5120      5120
...
000 (48106.000.000) 11/16 20:34:34 Job submitted from host: <192.168.100.49:9618?addrs=192.168.100.49-9618&noUDP&sock=2478170_12b9_3>
...
001 (48106.000.000) 11/16 20:34:39 Job executing on host: <192.168.100.53:9618?addrs=192.168.100.53-9618&noUDP&sock=1037191_55aa_4>
...
006 (48106.000.000) 11/16 20:34:48 Image size of job updated: 25748
	19  -  MemoryUsage of job (MB)
	19232  -  ResidentSetSize of job (KB)
...
006 (48106.000.000) 11/16 20:35:33 Image size of job updated: 230764
	19  -  MemoryUsage of job (MB)
	19232  -  ResidentSetSize of job (KB)
...
005 (48106.000.000) 11/16 20:35:33 Job terminated.
	(1) Normal termination (return value 0)
		Usr 0 00:00:24, Sys 0 00:00:01  -  Run Remote Usage
		Usr 0 00:00:00, Sys 0 00:00:00  -  Run Local Usage
		Usr 0 00:00:24, Sys 0 00:00:01  -  Total Remote Usage
		Usr 0 00:00:00, Sys 0 00:00:00  -  Total Local Usage
	0  -  Run Bytes Sent By Job
	0  -  Run Bytes Received By Job
	0  -  Total Bytes Sent By Job
	0  -  Total Bytes Received By Job
	Partitionable Resources :    Usage  Request Allocated
	   Cpus                 :                 1         1
	   Disk (KB)            :        1        1   1923579
	   Memory (MB)          :       19     5120      5120
...
000 (48128.000.000) 11/16 21:49:57 Job submitted from host: <192.168.100.49:9618?addrs=192.168.100.49-9618&noUDP&sock=2478170_12b9_3>
...
001 (48128.000.000) 11/16 21:50:14 Job executing on host: <192.168.100.52:9618?addrs=192.168.100.52-9618&noUDP&sock=1070130_bfb6_4>
...
006 (48128.000.000) 11/16 21:50:23 Image size of job updated: 154888
	152  -  MemoryUsage of job (MB)
	154888  -  ResidentSetSize of job (KB)
...
006 (48128.000.000) 11/16 21:50:34 Image size of job updated: 214224
	152  -  MemoryUsage of job (MB)
	154900  -  ResidentSetSize of job (KB)
...
005 (48128.000.000) 11/16 21:50:34 Job terminated.
	(1) Normal termination (return value 0)
		Usr 0 00:00:18, Sys 0 00:00:00  -  Run Remote Usage
		Usr 0 00:00:00, Sys 0 00:00:00  -  Run Local Usage
		Usr 0 00:00:18, Sys 0 00:00:00  -  Total Remote Usage
		Usr 0 00:00:00, Sys 0 00:00:00  -  Total Local Usage
	0  -  Run Bytes Sent By Job
	0  -  Run Bytes Received By Job
	0  -  Total Bytes Sent By Job
	0  -  Total Bytes Received By Job
	Partitionable Resources :    Usage  Request Allocated
	   Cpus                 :                 1         1
	   Disk (KB)            :        1        1    465402
	   Memory (MB)          :      152     5120      5120
...
000 (48129.000.000) 11/16 21:51:53 Job submitted from host: <192.168.100.49:9618?addrs=192.168.100.49-9618&noUDP&sock=2478170_12b9_3>
...
001 (48129.000.000) 11/16 21:52:03 Job executing on host: <192.168.100.52:9618?addrs=192.168.100.52-9618&noUDP&sock=1070130_bfb6_4>
...
006 (48129.000.000) 11/16 21:52:12 Image size of job updated: 148268
	145  -  MemoryUsage of job (MB)
	148268  -  ResidentSetSize of job (KB)
...
006 (48129.000.000) 11/16 21:52:27 Image size of job updated: 214156
	145  -  MemoryUsage of job (MB)
	148296  -  ResidentSetSize of job (KB)
...
005 (48129.000.000) 11/16 21:52:27 Job terminated.
	(1) Normal termination (return value 0)
		Usr 0 00:00:16, Sys 0 00:00:00  -  Run Remote Usage
		Usr 0 00:00:00, Sys 0 00:00:00  -  Run Local Usage
		Usr 0 00:00:16, Sys 0 00:00:00  -  Total Remote Usage
		Usr 0 00:00:00, Sys 0 00:00:00  -  Total Local Usage
	0  -  Run Bytes Sent By Job
	0  -  Run Bytes Received By Job
	0  -  Total Bytes Sent By Job
	0  -  Total Bytes Received By Job
	Partitionable Resources :    Usage  Request Allocated
	   Cpus                 :                 1         1
	   Disk (KB)            :        1        1    465402
	   Memory (MB)          :      145     5120      5120
...
