000 (48947.000.000) 12/07 10:47:29 Job submitted from host: <192.168.100.49:9618?addrs=192.168.100.49-9618&noUDP&sock=2478170_12b9_3>
...
001 (48947.000.000) 12/07 10:47:45 Job executing on host: <192.168.100.52:9618?addrs=192.168.100.52-9618&noUDP&sock=1070130_bfb6_4>
...
006 (48947.000.000) 12/07 10:47:47 Image size of job updated: 1
	0  -  MemoryUsage of job (MB)
	0  -  ResidentSetSize of job (KB)
...
005 (48947.000.000) 12/07 10:47:47 Job terminated.
	(1) Normal termination (return value 1)
		Usr 0 00:00:00, Sys 0 00:00:00  -  Run Remote Usage
		Usr 0 00:00:00, Sys 0 00:00:00  -  Run Local Usage
		Usr 0 00:00:00, Sys 0 00:00:00  -  Total Remote Usage
		Usr 0 00:00:00, Sys 0 00:00:00  -  Total Local Usage
	0  -  Run Bytes Sent By Job
	0  -  Run Bytes Received By Job
	0  -  Total Bytes Sent By Job
	0  -  Total Bytes Received By Job
	Partitionable Resources :    Usage  Request Allocated
	   Cpus                 :                 1         1
	   Disk (KB)            :        1        1    465402
	   Memory (MB)          :        0     3072      3072
...
000 (48948.000.000) 12/07 10:49:10 Job submitted from host: <192.168.100.49:9618?addrs=192.168.100.49-9618&noUDP&sock=2478170_12b9_3>
...
001 (48948.000.000) 12/07 10:49:11 Job executing on host: <192.168.100.52:9618?addrs=192.168.100.52-9618&noUDP&sock=1070130_bfb6_4>
...
006 (48948.000.000) 12/07 10:49:12 Image size of job updated: 1
	0  -  MemoryUsage of job (MB)
	0  -  ResidentSetSize of job (KB)
...
005 (48948.000.000) 12/07 10:49:12 Job terminated.
	(1) Normal termination (return value 1)
		Usr 0 00:00:00, Sys 0 00:00:00  -  Run Remote Usage
		Usr 0 00:00:00, Sys 0 00:00:00  -  Run Local Usage
		Usr 0 00:00:00, Sys 0 00:00:00  -  Total Remote Usage
		Usr 0 00:00:00, Sys 0 00:00:00  -  Total Local Usage
	0  -  Run Bytes Sent By Job
	0  -  Run Bytes Received By Job
	0  -  Total Bytes Sent By Job
	0  -  Total Bytes Received By Job
	Partitionable Resources :    Usage  Request Allocated
	   Cpus                 :                 1         1
	   Disk (KB)            :        1        1    465402
	   Memory (MB)          :        0     3072      3072
...
000 (48949.000.000) 12/07 10:53:24 Job submitted from host: <192.168.100.49:9618?addrs=192.168.100.49-9618&noUDP&sock=2478170_12b9_3>
...
001 (48949.000.000) 12/07 10:53:35 Job executing on host: <192.168.100.52:9618?addrs=192.168.100.52-9618&noUDP&sock=1070130_bfb6_4>
...
006 (48949.000.000) 12/07 10:53:36 Image size of job updated: 722632
	0  -  MemoryUsage of job (MB)
	0  -  ResidentSetSize of job (KB)
...
005 (48949.000.000) 12/07 10:53:36 Job terminated.
	(1) Normal termination (return value 1)
		Usr 0 00:00:00, Sys 0 00:00:00  -  Run Remote Usage
		Usr 0 00:00:00, Sys 0 00:00:00  -  Run Local Usage
		Usr 0 00:00:00, Sys 0 00:00:00  -  Total Remote Usage
		Usr 0 00:00:00, Sys 0 00:00:00  -  Total Local Usage
	0  -  Run Bytes Sent By Job
	0  -  Run Bytes Received By Job
	0  -  Total Bytes Sent By Job
	0  -  Total Bytes Received By Job
	Partitionable Resources :    Usage  Request Allocated
	   Cpus                 :                 1         1
	   Disk (KB)            :        1        1    465402
	   Memory (MB)          :        0     3072      3072
...
000 (48950.000.000) 12/07 10:55:28 Job submitted from host: <192.168.100.49:9618?addrs=192.168.100.49-9618&noUDP&sock=2478170_12b9_3>
...
001 (48950.000.000) 12/07 10:55:39 Job executing on host: <192.168.100.52:9618?addrs=192.168.100.52-9618&noUDP&sock=1070130_bfb6_4>
...
006 (48950.000.000) 12/07 10:55:40 Image size of job updated: 1
	0  -  MemoryUsage of job (MB)
	0  -  ResidentSetSize of job (KB)
...
005 (48950.000.000) 12/07 10:55:40 Job terminated.
	(1) Normal termination (return value 1)
		Usr 0 00:00:00, Sys 0 00:00:00  -  Run Remote Usage
		Usr 0 00:00:00, Sys 0 00:00:00  -  Run Local Usage
		Usr 0 00:00:00, Sys 0 00:00:00  -  Total Remote Usage
		Usr 0 00:00:00, Sys 0 00:00:00  -  Total Local Usage
	0  -  Run Bytes Sent By Job
	0  -  Run Bytes Received By Job
	0  -  Total Bytes Sent By Job
	0  -  Total Bytes Received By Job
	Partitionable Resources :    Usage  Request Allocated
	   Cpus                 :                 1         1
	   Disk (KB)            :        1        1    465402
	   Memory (MB)          :        0     3072      3072
...
000 (48951.000.000) 12/07 10:56:30 Job submitted from host: <192.168.100.49:9618?addrs=192.168.100.49-9618&noUDP&sock=2478170_12b9_3>
...
001 (48951.000.000) 12/07 10:56:51 Job executing on host: <192.168.100.52:9618?addrs=192.168.100.52-9618&noUDP&sock=1070130_bfb6_4>
...
006 (48951.000.000) 12/07 10:56:59 Image size of job updated: 165848
	162  -  MemoryUsage of job (MB)
	165848  -  ResidentSetSize of job (KB)
...
006 (48951.000.000) 12/07 10:57:09 Image size of job updated: 352020
	162  -  MemoryUsage of job (MB)
	165880  -  ResidentSetSize of job (KB)
...
005 (48951.000.000) 12/07 10:57:09 Job terminated.
	(1) Normal termination (return value 1)
		Usr 0 00:00:17, Sys 0 00:00:00  -  Run Remote Usage
		Usr 0 00:00:00, Sys 0 00:00:00  -  Run Local Usage
		Usr 0 00:00:17, Sys 0 00:00:00  -  Total Remote Usage
		Usr 0 00:00:00, Sys 0 00:00:00  -  Total Local Usage
	0  -  Run Bytes Sent By Job
	0  -  Run Bytes Received By Job
	0  -  Total Bytes Sent By Job
	0  -  Total Bytes Received By Job
	Partitionable Resources :    Usage  Request Allocated
	   Cpus                 :                 1         1
	   Disk (KB)            :        1        1    465402
	   Memory (MB)          :      162     3072      3072
...
000 (48952.000.000) 12/07 10:57:58 Job submitted from host: <192.168.100.49:9618?addrs=192.168.100.49-9618&noUDP&sock=2478170_12b9_3>
...
001 (48952.000.000) 12/07 10:58:10 Job executing on host: <192.168.100.52:9618?addrs=192.168.100.52-9618&noUDP&sock=1070130_bfb6_4>
...
006 (48952.000.000) 12/07 10:58:19 Image size of job updated: 180728
	177  -  MemoryUsage of job (MB)
	180728  -  ResidentSetSize of job (KB)
...
006 (48952.000.000) 12/07 10:58:29 Image size of job updated: 459020
	177  -  MemoryUsage of job (MB)
	180756  -  ResidentSetSize of job (KB)
...
005 (48952.000.000) 12/07 10:58:29 Job terminated.
	(1) Normal termination (return value 1)
		Usr 0 00:00:17, Sys 0 00:00:00  -  Run Remote Usage
		Usr 0 00:00:00, Sys 0 00:00:00  -  Run Local Usage
		Usr 0 00:00:17, Sys 0 00:00:00  -  Total Remote Usage
		Usr 0 00:00:00, Sys 0 00:00:00  -  Total Local Usage
	0  -  Run Bytes Sent By Job
	0  -  Run Bytes Received By Job
	0  -  Total Bytes Sent By Job
	0  -  Total Bytes Received By Job
	Partitionable Resources :    Usage  Request Allocated
	   Cpus                 :                 1         1
	   Disk (KB)            :        1        1    465402
	   Memory (MB)          :      177     3072      3072
...
000 (48953.000.000) 12/07 10:59:22 Job submitted from host: <192.168.100.49:9618?addrs=192.168.100.49-9618&noUDP&sock=2478170_12b9_3>
...
001 (48953.000.000) 12/07 10:59:40 Job executing on host: <192.168.100.52:9618?addrs=192.168.100.52-9618&noUDP&sock=1070130_bfb6_4>
...
006 (48953.000.000) 12/07 10:59:49 Image size of job updated: 168824
	165  -  MemoryUsage of job (MB)
	168824  -  ResidentSetSize of job (KB)
...
006 (48953.000.000) 12/07 10:59:59 Image size of job updated: 259636
	165  -  MemoryUsage of job (MB)
	168852  -  ResidentSetSize of job (KB)
...
005 (48953.000.000) 12/07 10:59:59 Job terminated.
	(1) Normal termination (return value 1)
		Usr 0 00:00:17, Sys 0 00:00:00  -  Run Remote Usage
		Usr 0 00:00:00, Sys 0 00:00:00  -  Run Local Usage
		Usr 0 00:00:17, Sys 0 00:00:00  -  Total Remote Usage
		Usr 0 00:00:00, Sys 0 00:00:00  -  Total Local Usage
	0  -  Run Bytes Sent By Job
	0  -  Run Bytes Received By Job
	0  -  Total Bytes Sent By Job
	0  -  Total Bytes Received By Job
	Partitionable Resources :    Usage  Request Allocated
	   Cpus                 :                 1         1
	   Disk (KB)            :        1        1    465402
	   Memory (MB)          :      165     3072      3072
...
000 (48954.000.000) 12/07 11:02:03 Job submitted from host: <192.168.100.49:9618?addrs=192.168.100.49-9618&noUDP&sock=2478170_12b9_3>
...
001 (48954.000.000) 12/07 11:02:20 Job executing on host: <192.168.100.52:9618?addrs=192.168.100.52-9618&noUDP&sock=1070130_bfb6_4>
...
006 (48954.000.000) 12/07 11:02:29 Image size of job updated: 177204
	174  -  MemoryUsage of job (MB)
	177204  -  ResidentSetSize of job (KB)
...
006 (48954.000.000) 12/07 11:02:39 Image size of job updated: 959584
	174  -  MemoryUsage of job (MB)
	177228  -  ResidentSetSize of job (KB)
...
005 (48954.000.000) 12/07 11:02:40 Job terminated.
	(1) Normal termination (return value 1)
		Usr 0 00:00:18, Sys 0 00:00:00  -  Run Remote Usage
		Usr 0 00:00:00, Sys 0 00:00:00  -  Run Local Usage
		Usr 0 00:00:18, Sys 0 00:00:00  -  Total Remote Usage
		Usr 0 00:00:00, Sys 0 00:00:00  -  Total Local Usage
	0  -  Run Bytes Sent By Job
	0  -  Run Bytes Received By Job
	0  -  Total Bytes Sent By Job
	0  -  Total Bytes Received By Job
	Partitionable Resources :    Usage  Request Allocated
	   Cpus                 :                 1         1
	   Disk (KB)            :        1        1    465402
	   Memory (MB)          :      174     3072      3072
...
000 (48955.000.000) 12/07 11:48:48 Job submitted from host: <192.168.100.49:9618?addrs=192.168.100.49-9618&noUDP&sock=2478170_12b9_3>
...
001 (48955.000.000) 12/07 11:48:49 Job executing on host: <192.168.100.52:9618?addrs=192.168.100.52-9618&noUDP&sock=1070130_bfb6_4>
...
006 (48955.000.000) 12/07 11:48:57 Image size of job updated: 148524
	146  -  MemoryUsage of job (MB)
	148524  -  ResidentSetSize of job (KB)
...
006 (48955.000.000) 12/07 11:49:09 Image size of job updated: 1133052
	146  -  MemoryUsage of job (MB)
	148552  -  ResidentSetSize of job (KB)
...
005 (48955.000.000) 12/07 11:49:09 Job terminated.
	(1) Normal termination (return value 1)
		Usr 0 00:00:19, Sys 0 00:00:00  -  Run Remote Usage
		Usr 0 00:00:00, Sys 0 00:00:00  -  Run Local Usage
		Usr 0 00:00:19, Sys 0 00:00:00  -  Total Remote Usage
		Usr 0 00:00:00, Sys 0 00:00:00  -  Total Local Usage
	0  -  Run Bytes Sent By Job
	0  -  Run Bytes Received By Job
	0  -  Total Bytes Sent By Job
	0  -  Total Bytes Received By Job
	Partitionable Resources :    Usage  Request Allocated
	   Cpus                 :                 1         1
	   Disk (KB)            :        1        1    465402
	   Memory (MB)          :      146     3072      3072
...
000 (48959.000.000) 12/07 12:01:14 Job submitted from host: <192.168.100.49:9618?addrs=192.168.100.49-9618&noUDP&sock=2478170_12b9_3>
...
001 (48959.000.000) 12/07 12:01:21 Job executing on host: <192.168.100.52:9618?addrs=192.168.100.52-9618&noUDP&sock=1070130_bfb6_4>
...
006 (48959.000.000) 12/07 12:01:31 Image size of job updated: 181872
	178  -  MemoryUsage of job (MB)
	181872  -  ResidentSetSize of job (KB)
...
006 (48959.000.000) 12/07 12:01:40 Image size of job updated: 255640
	178  -  MemoryUsage of job (MB)
	181896  -  ResidentSetSize of job (KB)
...
005 (48959.000.000) 12/07 12:01:40 Job terminated.
	(1) Normal termination (return value 1)
		Usr 0 00:00:17, Sys 0 00:00:00  -  Run Remote Usage
		Usr 0 00:00:00, Sys 0 00:00:00  -  Run Local Usage
		Usr 0 00:00:17, Sys 0 00:00:00  -  Total Remote Usage
		Usr 0 00:00:00, Sys 0 00:00:00  -  Total Local Usage
	0  -  Run Bytes Sent By Job
	0  -  Run Bytes Received By Job
	0  -  Total Bytes Sent By Job
	0  -  Total Bytes Received By Job
	Partitionable Resources :    Usage  Request Allocated
	   Cpus                 :                 1         1
	   Disk (KB)            :        1        1    465402
	   Memory (MB)          :      178     3072      3072
...
000 (48961.000.000) 12/07 12:03:37 Job submitted from host: <192.168.100.49:9618?addrs=192.168.100.49-9618&noUDP&sock=2478170_12b9_3>
...
001 (48961.000.000) 12/07 12:03:51 Job executing on host: <192.168.100.51:9618?addrs=192.168.100.51-9618&noUDP&sock=1064592_243a_4>
...
006 (48961.000.000) 12/07 12:03:59 Image size of job updated: 98744
	85  -  MemoryUsage of job (MB)
	86404  -  ResidentSetSize of job (KB)
...
006 (48961.000.000) 12/07 12:04:25 Image size of job updated: 308168
	85  -  MemoryUsage of job (MB)
	86424  -  ResidentSetSize of job (KB)
...
005 (48961.000.000) 12/07 12:04:25 Job terminated.
	(1) Normal termination (return value 1)
		Usr 0 00:00:30, Sys 0 00:00:00  -  Run Remote Usage
		Usr 0 00:00:00, Sys 0 00:00:00  -  Run Local Usage
		Usr 0 00:00:30, Sys 0 00:00:00  -  Total Remote Usage
		Usr 0 00:00:00, Sys 0 00:00:00  -  Total Local Usage
	0  -  Run Bytes Sent By Job
	0  -  Run Bytes Received By Job
	0  -  Total Bytes Sent By Job
	0  -  Total Bytes Received By Job
	Partitionable Resources :    Usage  Request Allocated
	   Cpus                 :                 1         1
	   Disk (KB)            :        1        1   4566683
	   Memory (MB)          :       85     3072      3072
...
000 (48965.000.000) 12/07 12:06:10 Job submitted from host: <192.168.100.49:9618?addrs=192.168.100.49-9618&noUDP&sock=2478170_12b9_3>
...
001 (48965.000.000) 12/07 12:06:17 Job executing on host: <192.168.100.52:9618?addrs=192.168.100.52-9618&noUDP&sock=1070130_bfb6_4>
...
006 (48965.000.000) 12/07 12:06:25 Image size of job updated: 154680
	152  -  MemoryUsage of job (MB)
	154680  -  ResidentSetSize of job (KB)
...
006 (48965.000.000) 12/07 12:06:36 Image size of job updated: 257168
	152  -  MemoryUsage of job (MB)
	154704  -  ResidentSetSize of job (KB)
...
005 (48965.000.000) 12/07 12:06:36 Job terminated.
	(1) Normal termination (return value 1)
		Usr 0 00:00:18, Sys 0 00:00:00  -  Run Remote Usage
		Usr 0 00:00:00, Sys 0 00:00:00  -  Run Local Usage
		Usr 0 00:00:18, Sys 0 00:00:00  -  Total Remote Usage
		Usr 0 00:00:00, Sys 0 00:00:00  -  Total Local Usage
	0  -  Run Bytes Sent By Job
	0  -  Run Bytes Received By Job
	0  -  Total Bytes Sent By Job
	0  -  Total Bytes Received By Job
	Partitionable Resources :    Usage  Request Allocated
	   Cpus                 :                 1         1
	   Disk (KB)            :        1        1    465402
	   Memory (MB)          :      152     3072      3072
...
000 (48968.000.000) 12/07 12:07:46 Job submitted from host: <192.168.100.49:9618?addrs=192.168.100.49-9618&noUDP&sock=2478170_12b9_3>
...
001 (48968.000.000) 12/07 12:07:49 Job executing on host: <192.168.100.52:9618?addrs=192.168.100.52-9618&noUDP&sock=1070130_bfb6_4>
...
006 (48968.000.000) 12/07 12:07:58 Image size of job updated: 167160
	164  -  MemoryUsage of job (MB)
	167160  -  ResidentSetSize of job (KB)
...
006 (48968.000.000) 12/07 12:08:08 Image size of job updated: 463320
	164  -  MemoryUsage of job (MB)
	167184  -  ResidentSetSize of job (KB)
...
005 (48968.000.000) 12/07 12:08:08 Job terminated.
	(1) Normal termination (return value 1)
		Usr 0 00:00:17, Sys 0 00:00:00  -  Run Remote Usage
		Usr 0 00:00:00, Sys 0 00:00:00  -  Run Local Usage
		Usr 0 00:00:17, Sys 0 00:00:00  -  Total Remote Usage
		Usr 0 00:00:00, Sys 0 00:00:00  -  Total Local Usage
	0  -  Run Bytes Sent By Job
	0  -  Run Bytes Received By Job
	0  -  Total Bytes Sent By Job
	0  -  Total Bytes Received By Job
	Partitionable Resources :    Usage  Request Allocated
	   Cpus                 :                 1         1
	   Disk (KB)            :        1        1    465402
	   Memory (MB)          :      164     3072      3072
...
000 (48970.000.000) 12/07 12:09:31 Job submitted from host: <192.168.100.49:9618?addrs=192.168.100.49-9618&noUDP&sock=2478170_12b9_3>
...
001 (48970.000.000) 12/07 12:09:33 Job executing on host: <192.168.100.52:9618?addrs=192.168.100.52-9618&noUDP&sock=1070130_bfb6_4>
...
006 (48970.000.000) 12/07 12:09:42 Image size of job updated: 176404
	173  -  MemoryUsage of job (MB)
	176404  -  ResidentSetSize of job (KB)
...
006 (48970.000.000) 12/07 12:09:52 Image size of job updated: 271484
	173  -  MemoryUsage of job (MB)
	176428  -  ResidentSetSize of job (KB)
...
005 (48970.000.000) 12/07 12:09:53 Job terminated.
	(1) Normal termination (return value 1)
		Usr 0 00:00:18, Sys 0 00:00:00  -  Run Remote Usage
		Usr 0 00:00:00, Sys 0 00:00:00  -  Run Local Usage
		Usr 0 00:00:18, Sys 0 00:00:00  -  Total Remote Usage
		Usr 0 00:00:00, Sys 0 00:00:00  -  Total Local Usage
	0  -  Run Bytes Sent By Job
	0  -  Run Bytes Received By Job
	0  -  Total Bytes Sent By Job
	0  -  Total Bytes Received By Job
	Partitionable Resources :    Usage  Request Allocated
	   Cpus                 :                 1         1
	   Disk (KB)            :        1        1    465402
	   Memory (MB)          :      173     3072      3072
...
000 (48974.000.000) 12/07 12:12:25 Job submitted from host: <192.168.100.49:9618?addrs=192.168.100.49-9618&noUDP&sock=2478170_12b9_3>
...
001 (48974.000.000) 12/07 12:12:36 Job executing on host: <192.168.100.52:9618?addrs=192.168.100.52-9618&noUDP&sock=1070130_bfb6_4>
...
006 (48974.000.000) 12/07 12:12:45 Image size of job updated: 183716
	180  -  MemoryUsage of job (MB)
	183716  -  ResidentSetSize of job (KB)
...
006 (48974.000.000) 12/07 12:12:55 Image size of job updated: 387324
	180  -  MemoryUsage of job (MB)
	183744  -  ResidentSetSize of job (KB)
...
005 (48974.000.000) 12/07 12:12:55 Job terminated.
	(1) Normal termination (return value 1)
		Usr 0 00:00:17, Sys 0 00:00:00  -  Run Remote Usage
		Usr 0 00:00:00, Sys 0 00:00:00  -  Run Local Usage
		Usr 0 00:00:17, Sys 0 00:00:00  -  Total Remote Usage
		Usr 0 00:00:00, Sys 0 00:00:00  -  Total Local Usage
	0  -  Run Bytes Sent By Job
	0  -  Run Bytes Received By Job
	0  -  Total Bytes Sent By Job
	0  -  Total Bytes Received By Job
	Partitionable Resources :    Usage  Request Allocated
	   Cpus                 :                 1         1
	   Disk (KB)            :        1        1    465402
	   Memory (MB)          :      180     3072      3072
...
000 (48975.000.000) 12/07 12:13:23 Job submitted from host: <192.168.100.49:9618?addrs=192.168.100.49-9618&noUDP&sock=2478170_12b9_3>
...
001 (48975.000.000) 12/07 12:13:26 Job executing on host: <192.168.100.52:9618?addrs=192.168.100.52-9618&noUDP&sock=1070130_bfb6_4>
...
006 (48975.000.000) 12/07 12:13:35 Image size of job updated: 174064
	170  -  MemoryUsage of job (MB)
	174064  -  ResidentSetSize of job (KB)
...
006 (48975.000.000) 12/07 12:14:02 Image size of job updated: 1709436
	171  -  MemoryUsage of job (MB)
	174092  -  ResidentSetSize of job (KB)
...
005 (48975.000.000) 12/07 12:14:02 Job terminated.
	(1) Normal termination (return value 0)
		Usr 0 00:00:34, Sys 0 00:00:00  -  Run Remote Usage
		Usr 0 00:00:00, Sys 0 00:00:00  -  Run Local Usage
		Usr 0 00:00:34, Sys 0 00:00:00  -  Total Remote Usage
		Usr 0 00:00:00, Sys 0 00:00:00  -  Total Local Usage
	0  -  Run Bytes Sent By Job
	0  -  Run Bytes Received By Job
	0  -  Total Bytes Sent By Job
	0  -  Total Bytes Received By Job
	Partitionable Resources :    Usage  Request Allocated
	   Cpus                 :                 1         1
	   Disk (KB)            :        1        1    465402
	   Memory (MB)          :      171     3072      3072
...
000 (48980.000.000) 12/07 12:17:05 Job submitted from host: <192.168.100.49:9618?addrs=192.168.100.49-9618&noUDP&sock=2478170_12b9_3>
...
001 (48980.000.000) 12/07 12:17:13 Job executing on host: <192.168.100.52:9618?addrs=192.168.100.52-9618&noUDP&sock=1070130_bfb6_4>
...
006 (48980.000.000) 12/07 12:17:22 Image size of job updated: 181660
	178  -  MemoryUsage of job (MB)
	181660  -  ResidentSetSize of job (KB)
...
006 (48980.000.000) 12/07 12:17:47 Image size of job updated: 1709008
	178  -  MemoryUsage of job (MB)
	181688  -  ResidentSetSize of job (KB)
...
005 (48980.000.000) 12/07 12:17:47 Job terminated.
	(1) Normal termination (return value 0)
		Usr 0 00:00:33, Sys 0 00:00:00  -  Run Remote Usage
		Usr 0 00:00:00, Sys 0 00:00:00  -  Run Local Usage
		Usr 0 00:00:33, Sys 0 00:00:00  -  Total Remote Usage
		Usr 0 00:00:00, Sys 0 00:00:00  -  Total Local Usage
	0  -  Run Bytes Sent By Job
	0  -  Run Bytes Received By Job
	0  -  Total Bytes Sent By Job
	0  -  Total Bytes Received By Job
	Partitionable Resources :    Usage  Request Allocated
	   Cpus                 :                 1         1
	   Disk (KB)            :        1        1    465402
	   Memory (MB)          :      178     3072      3072
...
000 (48997.000.000) 12/07 15:16:21 Job submitted from host: <192.168.100.49:9618?addrs=192.168.100.49-9618&noUDP&sock=2478170_12b9_3>
...
001 (48997.000.000) 12/07 15:16:31 Job executing on host: <192.168.100.52:9618?addrs=192.168.100.52-9618&noUDP&sock=1070130_bfb6_4>
...
006 (48997.000.000) 12/07 15:16:40 Image size of job updated: 177032
	173  -  MemoryUsage of job (MB)
	177032  -  ResidentSetSize of job (KB)
...
006 (48997.000.000) 12/07 15:16:51 Image size of job updated: 177032
	173  -  MemoryUsage of job (MB)
	177056  -  ResidentSetSize of job (KB)
...
005 (48997.000.000) 12/07 15:16:51 Job terminated.
	(1) Normal termination (return value 1)
		Usr 0 00:00:18, Sys 0 00:00:00  -  Run Remote Usage
		Usr 0 00:00:00, Sys 0 00:00:00  -  Run Local Usage
		Usr 0 00:00:18, Sys 0 00:00:00  -  Total Remote Usage
		Usr 0 00:00:00, Sys 0 00:00:00  -  Total Local Usage
	0  -  Run Bytes Sent By Job
	0  -  Run Bytes Received By Job
	0  -  Total Bytes Sent By Job
	0  -  Total Bytes Received By Job
	Partitionable Resources :    Usage  Request Allocated
	   Cpus                 :                 1         1
	   Disk (KB)            :        1        1    465402
	   Memory (MB)          :      173     3072      3072
...
000 (48998.000.000) 12/07 15:20:08 Job submitted from host: <192.168.100.49:9618?addrs=192.168.100.49-9618&noUDP&sock=2478170_12b9_3>
...
001 (48998.000.000) 12/07 15:20:21 Job executing on host: <192.168.100.52:9618?addrs=192.168.100.52-9618&noUDP&sock=1070130_bfb6_4>
...
006 (48998.000.000) 12/07 15:20:29 Image size of job updated: 156504
	153  -  MemoryUsage of job (MB)
	156504  -  ResidentSetSize of job (KB)
...
006 (48998.000.000) 12/07 15:20:40 Image size of job updated: 452572
	153  -  MemoryUsage of job (MB)
	156536  -  ResidentSetSize of job (KB)
...
005 (48998.000.000) 12/07 15:20:40 Job terminated.
	(1) Normal termination (return value 1)
		Usr 0 00:00:18, Sys 0 00:00:00  -  Run Remote Usage
		Usr 0 00:00:00, Sys 0 00:00:00  -  Run Local Usage
		Usr 0 00:00:18, Sys 0 00:00:00  -  Total Remote Usage
		Usr 0 00:00:00, Sys 0 00:00:00  -  Total Local Usage
	0  -  Run Bytes Sent By Job
	0  -  Run Bytes Received By Job
	0  -  Total Bytes Sent By Job
	0  -  Total Bytes Received By Job
	Partitionable Resources :    Usage  Request Allocated
	   Cpus                 :                 1         1
	   Disk (KB)            :        1        1    465402
	   Memory (MB)          :      153     3072      3072
...
000 (48999.000.000) 12/07 15:22:22 Job submitted from host: <192.168.100.49:9618?addrs=192.168.100.49-9618&noUDP&sock=2478170_12b9_3>
...
001 (48999.000.000) 12/07 15:22:42 Job executing on host: <192.168.100.52:9618?addrs=192.168.100.52-9618&noUDP&sock=1070130_bfb6_4>
...
006 (48999.000.000) 12/07 15:22:50 Image size of job updated: 162752
	159  -  MemoryUsage of job (MB)
	162752  -  ResidentSetSize of job (KB)
...
006 (48999.000.000) 12/07 15:23:01 Image size of job updated: 419032
	159  -  MemoryUsage of job (MB)
	162780  -  ResidentSetSize of job (KB)
...
005 (48999.000.000) 12/07 15:23:01 Job terminated.
	(1) Normal termination (return value 1)
		Usr 0 00:00:18, Sys 0 00:00:00  -  Run Remote Usage
		Usr 0 00:00:00, Sys 0 00:00:00  -  Run Local Usage
		Usr 0 00:00:18, Sys 0 00:00:00  -  Total Remote Usage
		Usr 0 00:00:00, Sys 0 00:00:00  -  Total Local Usage
	0  -  Run Bytes Sent By Job
	0  -  Run Bytes Received By Job
	0  -  Total Bytes Sent By Job
	0  -  Total Bytes Received By Job
	Partitionable Resources :    Usage  Request Allocated
	   Cpus                 :                 1         1
	   Disk (KB)            :        1        1    465402
	   Memory (MB)          :      159     3072      3072
...
000 (49000.000.000) 12/07 15:23:47 Job submitted from host: <192.168.100.49:9618?addrs=192.168.100.49-9618&noUDP&sock=2478170_12b9_3>
...
001 (49000.000.000) 12/07 15:24:01 Job executing on host: <192.168.100.51:9618?addrs=192.168.100.51-9618&noUDP&sock=1064592_243a_4>
...
006 (49000.000.000) 12/07 15:24:09 Image size of job updated: 97280
	83  -  MemoryUsage of job (MB)
	84940  -  ResidentSetSize of job (KB)
...
006 (49000.000.000) 12/07 15:24:36 Image size of job updated: 304280
	83  -  MemoryUsage of job (MB)
	84964  -  ResidentSetSize of job (KB)
...
005 (49000.000.000) 12/07 15:24:36 Job terminated.
	(1) Normal termination (return value 1)
		Usr 0 00:00:30, Sys 0 00:00:01  -  Run Remote Usage
		Usr 0 00:00:00, Sys 0 00:00:00  -  Run Local Usage
		Usr 0 00:00:30, Sys 0 00:00:01  -  Total Remote Usage
		Usr 0 00:00:00, Sys 0 00:00:00  -  Total Local Usage
	0  -  Run Bytes Sent By Job
	0  -  Run Bytes Received By Job
	0  -  Total Bytes Sent By Job
	0  -  Total Bytes Received By Job
	Partitionable Resources :    Usage  Request Allocated
	   Cpus                 :                 1         1
	   Disk (KB)            :        1        1   4566683
	   Memory (MB)          :       83     3072      3072
...
000 (49001.000.000) 12/07 15:25:41 Job submitted from host: <192.168.100.49:9618?addrs=192.168.100.49-9618&noUDP&sock=2478170_12b9_3>
...
001 (49001.000.000) 12/07 15:25:51 Job executing on host: <192.168.100.53:9618?addrs=192.168.100.53-9618&noUDP&sock=1037191_55aa_4>
...
006 (49001.000.000) 12/07 15:26:00 Image size of job updated: 215692
	211  -  MemoryUsage of job (MB)
	215692  -  ResidentSetSize of job (KB)
...
006 (49001.000.000) 12/07 15:26:12 Image size of job updated: 464948
	211  -  MemoryUsage of job (MB)
	215740  -  ResidentSetSize of job (KB)
...
005 (49001.000.000) 12/07 15:26:12 Job terminated.
	(1) Normal termination (return value 0)
		Usr 0 00:00:19, Sys 0 00:00:00  -  Run Remote Usage
		Usr 0 00:00:00, Sys 0 00:00:00  -  Run Local Usage
		Usr 0 00:00:19, Sys 0 00:00:00  -  Total Remote Usage
		Usr 0 00:00:00, Sys 0 00:00:00  -  Total Local Usage
	0  -  Run Bytes Sent By Job
	0  -  Run Bytes Received By Job
	0  -  Total Bytes Sent By Job
	0  -  Total Bytes Received By Job
	Partitionable Resources :    Usage  Request Allocated
	   Cpus                 :                 1         1
	   Disk (KB)            :        1        1   1923579
	   Memory (MB)          :      211     3072      3072
...
000 (49002.000.000) 12/07 15:28:40 Job submitted from host: <192.168.100.49:9618?addrs=192.168.100.49-9618&noUDP&sock=2478170_12b9_3>
...
001 (49002.000.000) 12/07 15:28:41 Job executing on host: <192.168.100.52:9618?addrs=192.168.100.52-9618&noUDP&sock=1070130_bfb6_4>
...
006 (49002.000.000) 12/07 15:28:50 Image size of job updated: 176904
	173  -  MemoryUsage of job (MB)
	176904  -  ResidentSetSize of job (KB)
...
006 (49002.000.000) 12/07 15:29:00 Image size of job updated: 262940
	173  -  MemoryUsage of job (MB)
	176936  -  ResidentSetSize of job (KB)
...
005 (49002.000.000) 12/07 15:29:00 Job terminated.
	(1) Normal termination (return value 1)
		Usr 0 00:00:18, Sys 0 00:00:00  -  Run Remote Usage
		Usr 0 00:00:00, Sys 0 00:00:00  -  Run Local Usage
		Usr 0 00:00:18, Sys 0 00:00:00  -  Total Remote Usage
		Usr 0 00:00:00, Sys 0 00:00:00  -  Total Local Usage
	0  -  Run Bytes Sent By Job
	0  -  Run Bytes Received By Job
	0  -  Total Bytes Sent By Job
	0  -  Total Bytes Received By Job
	Partitionable Resources :    Usage  Request Allocated
	   Cpus                 :                 1         1
	   Disk (KB)            :        1        1    465402
	   Memory (MB)          :      173     3072      3072
...
000 (49003.000.000) 12/07 15:32:11 Job submitted from host: <192.168.100.49:9618?addrs=192.168.100.49-9618&noUDP&sock=2478170_12b9_3>
...
001 (49003.000.000) 12/07 15:32:31 Job executing on host: <192.168.100.52:9618?addrs=192.168.100.52-9618&noUDP&sock=1070130_bfb6_4>
...
006 (49003.000.000) 12/07 15:32:39 Image size of job updated: 155748
	153  -  MemoryUsage of job (MB)
	155748  -  ResidentSetSize of job (KB)
...
006 (49003.000.000) 12/07 15:32:50 Image size of job updated: 954344
	153  -  MemoryUsage of job (MB)
	155780  -  ResidentSetSize of job (KB)
...
005 (49003.000.000) 12/07 15:32:50 Job terminated.
	(1) Normal termination (return value 1)
		Usr 0 00:00:18, Sys 0 00:00:00  -  Run Remote Usage
		Usr 0 00:00:00, Sys 0 00:00:00  -  Run Local Usage
		Usr 0 00:00:18, Sys 0 00:00:00  -  Total Remote Usage
		Usr 0 00:00:00, Sys 0 00:00:00  -  Total Local Usage
	0  -  Run Bytes Sent By Job
	0  -  Run Bytes Received By Job
	0  -  Total Bytes Sent By Job
	0  -  Total Bytes Received By Job
	Partitionable Resources :    Usage  Request Allocated
	   Cpus                 :                 1         1
	   Disk (KB)            :        1        1    465402
	   Memory (MB)          :      153     3072      3072
...
000 (49004.000.000) 12/07 15:33:48 Job submitted from host: <192.168.100.49:9618?addrs=192.168.100.49-9618&noUDP&sock=2478170_12b9_3>
...
001 (49004.000.000) 12/07 15:33:51 Job executing on host: <192.168.100.52:9618?addrs=192.168.100.52-9618&noUDP&sock=1070130_bfb6_4>
...
006 (49004.000.000) 12/07 15:34:00 Image size of job updated: 173080
	170  -  MemoryUsage of job (MB)
	173080  -  ResidentSetSize of job (KB)
...
006 (49004.000.000) 12/07 15:34:11 Image size of job updated: 255864
	170  -  MemoryUsage of job (MB)
	173112  -  ResidentSetSize of job (KB)
...
005 (49004.000.000) 12/07 15:34:11 Job terminated.
	(1) Normal termination (return value 1)
		Usr 0 00:00:18, Sys 0 00:00:00  -  Run Remote Usage
		Usr 0 00:00:00, Sys 0 00:00:00  -  Run Local Usage
		Usr 0 00:00:18, Sys 0 00:00:00  -  Total Remote Usage
		Usr 0 00:00:00, Sys 0 00:00:00  -  Total Local Usage
	0  -  Run Bytes Sent By Job
	0  -  Run Bytes Received By Job
	0  -  Total Bytes Sent By Job
	0  -  Total Bytes Received By Job
	Partitionable Resources :    Usage  Request Allocated
	   Cpus                 :                 1         1
	   Disk (KB)            :        1        1    465402
	   Memory (MB)          :      170     3072      3072
...
000 (49005.000.000) 12/07 15:35:08 Job submitted from host: <192.168.100.49:9618?addrs=192.168.100.49-9618&noUDP&sock=2478170_12b9_3>
...
001 (49005.000.000) 12/07 15:35:10 Job executing on host: <192.168.100.52:9618?addrs=192.168.100.52-9618&noUDP&sock=1070130_bfb6_4>
...
006 (49005.000.000) 12/07 15:35:19 Image size of job updated: 164908
	162  -  MemoryUsage of job (MB)
	164908  -  ResidentSetSize of job (KB)
...
006 (49005.000.000) 12/07 15:35:29 Image size of job updated: 276168
	162  -  MemoryUsage of job (MB)
	164932  -  ResidentSetSize of job (KB)
...
005 (49005.000.000) 12/07 15:35:30 Job terminated.
	(1) Normal termination (return value 1)
		Usr 0 00:00:18, Sys 0 00:00:00  -  Run Remote Usage
		Usr 0 00:00:00, Sys 0 00:00:00  -  Run Local Usage
		Usr 0 00:00:18, Sys 0 00:00:00  -  Total Remote Usage
		Usr 0 00:00:00, Sys 0 00:00:00  -  Total Local Usage
	0  -  Run Bytes Sent By Job
	0  -  Run Bytes Received By Job
	0  -  Total Bytes Sent By Job
	0  -  Total Bytes Received By Job
	Partitionable Resources :    Usage  Request Allocated
	   Cpus                 :                 1         1
	   Disk (KB)            :        1        1    465402
	   Memory (MB)          :      162     3072      3072
...
000 (49006.000.000) 12/07 15:35:51 Job submitted from host: <192.168.100.49:9618?addrs=192.168.100.49-9618&noUDP&sock=2478170_12b9_3>
...
001 (49006.000.000) 12/07 15:36:01 Job executing on host: <192.168.100.52:9618?addrs=192.168.100.52-9618&noUDP&sock=1070130_bfb6_4>
...
006 (49006.000.000) 12/07 15:36:09 Image size of job updated: 162784
	159  -  MemoryUsage of job (MB)
	162784  -  ResidentSetSize of job (KB)
...
006 (49006.000.000) 12/07 15:36:20 Image size of job updated: 462604
	159  -  MemoryUsage of job (MB)
	162812  -  ResidentSetSize of job (KB)
...
005 (49006.000.000) 12/07 15:36:20 Job terminated.
	(1) Normal termination (return value 1)
		Usr 0 00:00:18, Sys 0 00:00:00  -  Run Remote Usage
		Usr 0 00:00:00, Sys 0 00:00:00  -  Run Local Usage
		Usr 0 00:00:18, Sys 0 00:00:00  -  Total Remote Usage
		Usr 0 00:00:00, Sys 0 00:00:00  -  Total Local Usage
	0  -  Run Bytes Sent By Job
	0  -  Run Bytes Received By Job
	0  -  Total Bytes Sent By Job
	0  -  Total Bytes Received By Job
	Partitionable Resources :    Usage  Request Allocated
	   Cpus                 :                 1         1
	   Disk (KB)            :        1        1    465402
	   Memory (MB)          :      159     3072      3072
...
000 (49007.000.000) 12/07 15:36:31 Job submitted from host: <192.168.100.49:9618?addrs=192.168.100.49-9618&noUDP&sock=2478170_12b9_3>
...
001 (49007.000.000) 12/07 15:36:51 Job executing on host: <192.168.100.52:9618?addrs=192.168.100.52-9618&noUDP&sock=1070130_bfb6_4>
...
006 (49007.000.000) 12/07 15:36:59 Image size of job updated: 165680
	162  -  MemoryUsage of job (MB)
	165680  -  ResidentSetSize of job (KB)
...
006 (49007.000.000) 12/07 15:37:10 Image size of job updated: 276328
	162  -  MemoryUsage of job (MB)
	165704  -  ResidentSetSize of job (KB)
...
005 (49007.000.000) 12/07 15:37:10 Job terminated.
	(1) Normal termination (return value 1)
		Usr 0 00:00:18, Sys 0 00:00:00  -  Run Remote Usage
		Usr 0 00:00:00, Sys 0 00:00:00  -  Run Local Usage
		Usr 0 00:00:18, Sys 0 00:00:00  -  Total Remote Usage
		Usr 0 00:00:00, Sys 0 00:00:00  -  Total Local Usage
	0  -  Run Bytes Sent By Job
	0  -  Run Bytes Received By Job
	0  -  Total Bytes Sent By Job
	0  -  Total Bytes Received By Job
	Partitionable Resources :    Usage  Request Allocated
	   Cpus                 :                 1         1
	   Disk (KB)            :        1        1    465402
	   Memory (MB)          :      162     3072      3072
...
000 (49008.000.000) 12/07 15:37:57 Job submitted from host: <192.168.100.49:9618?addrs=192.168.100.49-9618&noUDP&sock=2478170_12b9_3>
...
001 (49008.000.000) 12/07 15:38:11 Job executing on host: <192.168.100.52:9618?addrs=192.168.100.52-9618&noUDP&sock=1070130_bfb6_4>
...
006 (49008.000.000) 12/07 15:38:19 Image size of job updated: 154616
	151  -  MemoryUsage of job (MB)
	154616  -  ResidentSetSize of job (KB)
...
006 (49008.000.000) 12/07 15:38:31 Image size of job updated: 257608
	152  -  MemoryUsage of job (MB)
	154644  -  ResidentSetSize of job (KB)
...
005 (49008.000.000) 12/07 15:38:31 Job terminated.
	(1) Normal termination (return value 1)
		Usr 0 00:00:18, Sys 0 00:00:00  -  Run Remote Usage
		Usr 0 00:00:00, Sys 0 00:00:00  -  Run Local Usage
		Usr 0 00:00:18, Sys 0 00:00:00  -  Total Remote Usage
		Usr 0 00:00:00, Sys 0 00:00:00  -  Total Local Usage
	0  -  Run Bytes Sent By Job
	0  -  Run Bytes Received By Job
	0  -  Total Bytes Sent By Job
	0  -  Total Bytes Received By Job
	Partitionable Resources :    Usage  Request Allocated
	   Cpus                 :                 1         1
	   Disk (KB)            :        1        1    465402
	   Memory (MB)          :      152     3072      3072
...
000 (49009.000.000) 12/07 15:46:09 Job submitted from host: <192.168.100.49:9618?addrs=192.168.100.49-9618&noUDP&sock=2478170_12b9_3>
...
001 (49009.000.000) 12/07 15:46:09 Job executing on host: <192.168.100.52:9618?addrs=192.168.100.52-9618&noUDP&sock=1070130_bfb6_4>
...
006 (49009.000.000) 12/07 15:46:18 Image size of job updated: 174472
	171  -  MemoryUsage of job (MB)
	174472  -  ResidentSetSize of job (KB)
...
000 (49010.000.000) 12/07 15:46:28 Job submitted from host: <192.168.100.49:9618?addrs=192.168.100.49-9618&noUDP&sock=2478170_12b9_3>
...
006 (49009.000.000) 12/07 15:46:29 Image size of job updated: 390292
	171  -  MemoryUsage of job (MB)
	174512  -  ResidentSetSize of job (KB)
...
005 (49009.000.000) 12/07 15:46:29 Job terminated.
	(1) Normal termination (return value 1)
		Usr 0 00:00:18, Sys 0 00:00:00  -  Run Remote Usage
		Usr 0 00:00:00, Sys 0 00:00:00  -  Run Local Usage
		Usr 0 00:00:18, Sys 0 00:00:00  -  Total Remote Usage
		Usr 0 00:00:00, Sys 0 00:00:00  -  Total Local Usage
	0  -  Run Bytes Sent By Job
	0  -  Run Bytes Received By Job
	0  -  Total Bytes Sent By Job
	0  -  Total Bytes Received By Job
	Partitionable Resources :    Usage  Request Allocated
	   Cpus                 :                 1         1
	   Disk (KB)            :        1        1    465402
	   Memory (MB)          :      171     3072      3072
...
001 (49010.000.000) 12/07 15:46:29 Job executing on host: <192.168.100.52:9618?addrs=192.168.100.52-9618&noUDP&sock=1070130_bfb6_4>
...
000 (49011.000.000) 12/07 15:46:37 Job submitted from host: <192.168.100.49:9618?addrs=192.168.100.49-9618&noUDP&sock=2478170_12b9_3>
...
006 (49010.000.000) 12/07 15:46:38 Image size of job updated: 178756
	175  -  MemoryUsage of job (MB)
	178756  -  ResidentSetSize of job (KB)
...
006 (49010.000.000) 12/07 15:46:48 Image size of job updated: 403676
	175  -  MemoryUsage of job (MB)
	178784  -  ResidentSetSize of job (KB)
...
005 (49010.000.000) 12/07 15:46:48 Job terminated.
	(1) Normal termination (return value 1)
		Usr 0 00:00:18, Sys 0 00:00:00  -  Run Remote Usage
		Usr 0 00:00:00, Sys 0 00:00:00  -  Run Local Usage
		Usr 0 00:00:18, Sys 0 00:00:00  -  Total Remote Usage
		Usr 0 00:00:00, Sys 0 00:00:00  -  Total Local Usage
	0  -  Run Bytes Sent By Job
	0  -  Run Bytes Received By Job
	0  -  Total Bytes Sent By Job
	0  -  Total Bytes Received By Job
	Partitionable Resources :    Usage  Request Allocated
	   Cpus                 :                 1         1
	   Disk (KB)            :        1        1    465402
	   Memory (MB)          :      175     3072      3072
...
001 (49011.000.000) 12/07 15:46:48 Job executing on host: <192.168.100.52:9618?addrs=192.168.100.52-9618&noUDP&sock=1070130_bfb6_4>
...
006 (49011.000.000) 12/07 15:46:57 Image size of job updated: 180516
	177  -  MemoryUsage of job (MB)
	180516  -  ResidentSetSize of job (KB)
...
006 (49011.000.000) 12/07 15:47:07 Image size of job updated: 963764
	177  -  MemoryUsage of job (MB)
	180536  -  ResidentSetSize of job (KB)
...
005 (49011.000.000) 12/07 15:47:07 Job terminated.
	(1) Normal termination (return value 1)
		Usr 0 00:00:18, Sys 0 00:00:00  -  Run Remote Usage
		Usr 0 00:00:00, Sys 0 00:00:00  -  Run Local Usage
		Usr 0 00:00:18, Sys 0 00:00:00  -  Total Remote Usage
		Usr 0 00:00:00, Sys 0 00:00:00  -  Total Local Usage
	0  -  Run Bytes Sent By Job
	0  -  Run Bytes Received By Job
	0  -  Total Bytes Sent By Job
	0  -  Total Bytes Received By Job
	Partitionable Resources :    Usage  Request Allocated
	   Cpus                 :                 1         1
	   Disk (KB)            :        1        1    465402
	   Memory (MB)          :      177     3072      3072
...
000 (49012.000.000) 12/07 15:47:44 Job submitted from host: <192.168.100.49:9618?addrs=192.168.100.49-9618&noUDP&sock=2478170_12b9_3>
...
001 (49012.000.000) 12/07 15:47:54 Job executing on host: <192.168.100.51:9618?addrs=192.168.100.51-9618&noUDP&sock=1064592_243a_4>
...
006 (49012.000.000) 12/07 15:48:03 Image size of job updated: 107180
	93  -  MemoryUsage of job (MB)
	94840  -  ResidentSetSize of job (KB)
...
006 (49012.000.000) 12/07 15:48:29 Image size of job updated: 305584
	93  -  MemoryUsage of job (MB)
	94864  -  ResidentSetSize of job (KB)
...
005 (49012.000.000) 12/07 15:48:29 Job terminated.
	(1) Normal termination (return value 1)
		Usr 0 00:00:30, Sys 0 00:00:01  -  Run Remote Usage
		Usr 0 00:00:00, Sys 0 00:00:00  -  Run Local Usage
		Usr 0 00:00:30, Sys 0 00:00:01  -  Total Remote Usage
		Usr 0 00:00:00, Sys 0 00:00:00  -  Total Local Usage
	0  -  Run Bytes Sent By Job
	0  -  Run Bytes Received By Job
	0  -  Total Bytes Sent By Job
	0  -  Total Bytes Received By Job
	Partitionable Resources :    Usage  Request Allocated
	   Cpus                 :                 1         1
	   Disk (KB)            :        1        1   4566683
	   Memory (MB)          :       93     3072      3072
...
000 (49013.000.000) 12/07 15:49:23 Job submitted from host: <192.168.100.49:9618?addrs=192.168.100.49-9618&noUDP&sock=2478170_12b9_3>
...
001 (49013.000.000) 12/07 15:49:34 Job executing on host: <192.168.100.52:9618?addrs=192.168.100.52-9618&noUDP&sock=1070130_bfb6_4>
...
006 (49013.000.000) 12/07 15:49:42 Image size of job updated: 162984
	160  -  MemoryUsage of job (MB)
	162984  -  ResidentSetSize of job (KB)
...
006 (49013.000.000) 12/07 15:49:53 Image size of job updated: 410468
	160  -  MemoryUsage of job (MB)
	163008  -  ResidentSetSize of job (KB)
...
005 (49013.000.000) 12/07 15:49:53 Job terminated.
	(1) Normal termination (return value 1)
		Usr 0 00:00:18, Sys 0 00:00:00  -  Run Remote Usage
		Usr 0 00:00:00, Sys 0 00:00:00  -  Run Local Usage
		Usr 0 00:00:18, Sys 0 00:00:00  -  Total Remote Usage
		Usr 0 00:00:00, Sys 0 00:00:00  -  Total Local Usage
	0  -  Run Bytes Sent By Job
	0  -  Run Bytes Received By Job
	0  -  Total Bytes Sent By Job
	0  -  Total Bytes Received By Job
	Partitionable Resources :    Usage  Request Allocated
	   Cpus                 :                 1         1
	   Disk (KB)            :        1        1    465402
	   Memory (MB)          :      160     3072      3072
...
000 (49014.000.000) 12/07 15:50:23 Job submitted from host: <192.168.100.49:9618?addrs=192.168.100.49-9618&noUDP&sock=2478170_12b9_3>
...
001 (49014.000.000) 12/07 15:50:24 Job executing on host: <192.168.100.52:9618?addrs=192.168.100.52-9618&noUDP&sock=1070130_bfb6_4>
...
006 (49014.000.000) 12/07 15:50:32 Image size of job updated: 165344
	162  -  MemoryUsage of job (MB)
	165344  -  ResidentSetSize of job (KB)
...
006 (49014.000.000) 12/07 15:50:43 Image size of job updated: 424112
	162  -  MemoryUsage of job (MB)
	165372  -  ResidentSetSize of job (KB)
...
005 (49014.000.000) 12/07 15:50:43 Job terminated.
	(1) Normal termination (return value 1)
		Usr 0 00:00:18, Sys 0 00:00:00  -  Run Remote Usage
		Usr 0 00:00:00, Sys 0 00:00:00  -  Run Local Usage
		Usr 0 00:00:18, Sys 0 00:00:00  -  Total Remote Usage
		Usr 0 00:00:00, Sys 0 00:00:00  -  Total Local Usage
	0  -  Run Bytes Sent By Job
	0  -  Run Bytes Received By Job
	0  -  Total Bytes Sent By Job
	0  -  Total Bytes Received By Job
	Partitionable Resources :    Usage  Request Allocated
	   Cpus                 :                 1         1
	   Disk (KB)            :        1        1    465402
	   Memory (MB)          :      162     3072      3072
...
000 (49015.000.000) 12/07 15:52:45 Job submitted from host: <192.168.100.49:9618?addrs=192.168.100.49-9618&noUDP&sock=2478170_12b9_3>
...
001 (49015.000.000) 12/07 15:52:54 Job executing on host: <192.168.100.52:9618?addrs=192.168.100.52-9618&noUDP&sock=1070130_bfb6_4>
...
006 (49015.000.000) 12/07 15:53:02 Image size of job updated: 152324
	149  -  MemoryUsage of job (MB)
	152324  -  ResidentSetSize of job (KB)
...
006 (49015.000.000) 12/07 15:54:05 Image size of job updated: 1147164
	149  -  MemoryUsage of job (MB)
	152356  -  ResidentSetSize of job (KB)
...
005 (49015.000.000) 12/07 15:54:05 Job terminated.
	(1) Normal termination (return value 0)
		Usr 0 00:01:10, Sys 0 00:00:00  -  Run Remote Usage
		Usr 0 00:00:00, Sys 0 00:00:00  -  Run Local Usage
		Usr 0 00:01:10, Sys 0 00:00:00  -  Total Remote Usage
		Usr 0 00:00:00, Sys 0 00:00:00  -  Total Local Usage
	0  -  Run Bytes Sent By Job
	0  -  Run Bytes Received By Job
	0  -  Total Bytes Sent By Job
	0  -  Total Bytes Received By Job
	Partitionable Resources :    Usage  Request Allocated
	   Cpus                 :                 1         1
	   Disk (KB)            :        1        1    465402
	   Memory (MB)          :      149     3072      3072
...
000 (49020.000.000) 12/07 16:10:22 Job submitted from host: <192.168.100.49:9618?addrs=192.168.100.49-9618&noUDP&sock=2478170_12b9_3>
...
001 (49020.000.000) 12/07 16:10:29 Job executing on host: <192.168.100.51:9618?addrs=192.168.100.51-9618&noUDP&sock=1064592_243a_4>
...
006 (49020.000.000) 12/07 16:10:38 Image size of job updated: 103644
	90  -  MemoryUsage of job (MB)
	91304  -  ResidentSetSize of job (KB)
...
006 (49020.000.000) 12/07 16:12:28 Image size of job updated: 1147164
	90  -  MemoryUsage of job (MB)
	91320  -  ResidentSetSize of job (KB)
...
005 (49020.000.000) 12/07 16:12:28 Job terminated.
	(1) Normal termination (return value 1)
		Usr 0 00:01:54, Sys 0 00:00:01  -  Run Remote Usage
		Usr 0 00:00:00, Sys 0 00:00:00  -  Run Local Usage
		Usr 0 00:01:54, Sys 0 00:00:01  -  Total Remote Usage
		Usr 0 00:00:00, Sys 0 00:00:00  -  Total Local Usage
	0  -  Run Bytes Sent By Job
	0  -  Run Bytes Received By Job
	0  -  Total Bytes Sent By Job
	0  -  Total Bytes Received By Job
	Partitionable Resources :    Usage  Request Allocated
	   Cpus                 :                 1         1
	   Disk (KB)            :        1        1   4566683
	   Memory (MB)          :       90     3072      3072
...
000 (49022.000.000) 12/07 16:14:23 Job submitted from host: <192.168.100.49:9618?addrs=192.168.100.49-9618&noUDP&sock=2478170_12b9_3>
...
001 (49022.000.000) 12/07 16:14:41 Job executing on host: <192.168.100.53:9618?addrs=192.168.100.53-9618&noUDP&sock=1037191_55aa_4>
...
006 (49022.000.000) 12/07 16:14:49 Image size of job updated: 194012
	190  -  MemoryUsage of job (MB)
	194012  -  ResidentSetSize of job (KB)
...
006 (49022.000.000) 12/07 16:15:27 Image size of job updated: 476280
	190  -  MemoryUsage of job (MB)
	194060  -  ResidentSetSize of job (KB)
...
005 (49022.000.000) 12/07 16:15:27 Job terminated.
	(1) Normal termination (return value 1)
		Usr 0 00:00:44, Sys 0 00:00:00  -  Run Remote Usage
		Usr 0 00:00:00, Sys 0 00:00:00  -  Run Local Usage
		Usr 0 00:00:44, Sys 0 00:00:00  -  Total Remote Usage
		Usr 0 00:00:00, Sys 0 00:00:00  -  Total Local Usage
	0  -  Run Bytes Sent By Job
	0  -  Run Bytes Received By Job
	0  -  Total Bytes Sent By Job
	0  -  Total Bytes Received By Job
	Partitionable Resources :    Usage  Request Allocated
	   Cpus                 :                 1         1
	   Disk (KB)            :        1        1   1923579
	   Memory (MB)          :      190     3072      3072
...
000 (49026.000.000) 12/07 16:23:13 Job submitted from host: <192.168.100.49:9618?addrs=192.168.100.49-9618&noUDP&sock=2478170_12b9_3>
...
001 (49026.000.000) 12/07 16:23:23 Job executing on host: <192.168.100.52:9618?addrs=192.168.100.52-9618&noUDP&sock=1070130_bfb6_4>
...
006 (49026.000.000) 12/07 16:23:32 Image size of job updated: 176096
	172  -  MemoryUsage of job (MB)
	176096  -  ResidentSetSize of job (KB)
...
006 (49026.000.000) 12/07 16:24:34 Image size of job updated: 476300
	172  -  MemoryUsage of job (MB)
	176116  -  ResidentSetSize of job (KB)
...
005 (49026.000.000) 12/07 16:24:35 Job terminated.
	(1) Normal termination (return value 1)
		Usr 0 00:01:09, Sys 0 00:00:00  -  Run Remote Usage
		Usr 0 00:00:00, Sys 0 00:00:00  -  Run Local Usage
		Usr 0 00:01:09, Sys 0 00:00:00  -  Total Remote Usage
		Usr 0 00:00:00, Sys 0 00:00:00  -  Total Local Usage
	0  -  Run Bytes Sent By Job
	0  -  Run Bytes Received By Job
	0  -  Total Bytes Sent By Job
	0  -  Total Bytes Received By Job
	Partitionable Resources :    Usage  Request Allocated
	   Cpus                 :                 1         1
	   Disk (KB)            :        1        1    465402
	   Memory (MB)          :      172     3072      3072
...
000 (49030.000.000) 12/07 16:33:18 Job submitted from host: <192.168.100.49:9618?addrs=192.168.100.49-9618&noUDP&sock=2478170_12b9_3>
...
001 (49030.000.000) 12/07 16:34:03 Job executing on host: <192.168.100.52:9618?addrs=192.168.100.52-9618&noUDP&sock=1070130_bfb6_4>
...
006 (49030.000.000) 12/07 16:34:12 Image size of job updated: 193848
	190  -  MemoryUsage of job (MB)
	193848  -  ResidentSetSize of job (KB)
...
006 (49030.000.000) 12/07 16:35:45 Image size of job updated: 543448
	190  -  MemoryUsage of job (MB)
	193880  -  ResidentSetSize of job (KB)
...
005 (49030.000.000) 12/07 16:35:45 Job terminated.
	(1) Normal termination (return value 1)
		Usr 0 00:01:39, Sys 0 00:00:01  -  Run Remote Usage
		Usr 0 00:00:00, Sys 0 00:00:00  -  Run Local Usage
		Usr 0 00:01:39, Sys 0 00:00:01  -  Total Remote Usage
		Usr 0 00:00:00, Sys 0 00:00:00  -  Total Local Usage
	0  -  Run Bytes Sent By Job
	0  -  Run Bytes Received By Job
	0  -  Total Bytes Sent By Job
	0  -  Total Bytes Received By Job
	Partitionable Resources :    Usage  Request Allocated
	   Cpus                 :                 1         1
	   Disk (KB)            :        1        1    465402
	   Memory (MB)          :      190     3072      3072
...
000 (49032.000.000) 12/07 16:39:15 Job submitted from host: <192.168.100.49:9618?addrs=192.168.100.49-9618&noUDP&sock=2478170_12b9_3>
...
001 (49032.000.000) 12/07 16:39:33 Job executing on host: <192.168.100.53:9618?addrs=192.168.100.53-9618&noUDP&sock=1037191_55aa_4>
...
006 (49032.000.000) 12/07 16:39:42 Image size of job updated: 184572
	178  -  MemoryUsage of job (MB)
	181788  -  ResidentSetSize of job (KB)
...
006 (49032.000.000) 12/07 16:39:50 Image size of job updated: 456880
	178  -  MemoryUsage of job (MB)
	181840  -  ResidentSetSize of job (KB)
...
005 (49032.000.000) 12/07 16:39:50 Job terminated.
	(1) Normal termination (return value 1)
		Usr 0 00:00:14, Sys 0 00:00:00  -  Run Remote Usage
		Usr 0 00:00:00, Sys 0 00:00:00  -  Run Local Usage
		Usr 0 00:00:14, Sys 0 00:00:00  -  Total Remote Usage
		Usr 0 00:00:00, Sys 0 00:00:00  -  Total Local Usage
	0  -  Run Bytes Sent By Job
	0  -  Run Bytes Received By Job
	0  -  Total Bytes Sent By Job
	0  -  Total Bytes Received By Job
	Partitionable Resources :    Usage  Request Allocated
	   Cpus                 :                 1         1
	   Disk (KB)            :        1        1   1923579
	   Memory (MB)          :      178     3072      3072
...
000 (49033.000.000) 12/07 16:41:04 Job submitted from host: <192.168.100.49:9618?addrs=192.168.100.49-9618&noUDP&sock=2478170_12b9_3>
...
001 (49033.000.000) 12/07 16:41:25 Job executing on host: <192.168.100.52:9618?addrs=192.168.100.52-9618&noUDP&sock=1070130_bfb6_4>
...
006 (49033.000.000) 12/07 16:41:33 Image size of job updated: 163664
	158  -  MemoryUsage of job (MB)
	160880  -  ResidentSetSize of job (KB)
...
006 (49033.000.000) 12/07 16:43:08 Image size of job updated: 546852
	158  -  MemoryUsage of job (MB)
	160912  -  ResidentSetSize of job (KB)
...
005 (49033.000.000) 12/07 16:43:08 Job terminated.
	(1) Normal termination (return value 1)
		Usr 0 00:01:40, Sys 0 00:00:01  -  Run Remote Usage
		Usr 0 00:00:00, Sys 0 00:00:00  -  Run Local Usage
		Usr 0 00:01:40, Sys 0 00:00:01  -  Total Remote Usage
		Usr 0 00:00:00, Sys 0 00:00:00  -  Total Local Usage
	0  -  Run Bytes Sent By Job
	0  -  Run Bytes Received By Job
	0  -  Total Bytes Sent By Job
	0  -  Total Bytes Received By Job
	Partitionable Resources :    Usage  Request Allocated
	   Cpus                 :                 1         1
	   Disk (KB)            :        1        1    465402
	   Memory (MB)          :      158     3072      3072
...
000 (49035.000.000) 12/07 16:47:55 Job submitted from host: <192.168.100.49:9618?addrs=192.168.100.49-9618&noUDP&sock=2478170_12b9_3>
...
001 (49035.000.000) 12/07 16:47:56 Job executing on host: <192.168.100.52:9618?addrs=192.168.100.52-9618&noUDP&sock=1070130_bfb6_4>
...
006 (49035.000.000) 12/07 16:48:04 Image size of job updated: 171840
	168  -  MemoryUsage of job (MB)
	171840  -  ResidentSetSize of job (KB)
...
006 (49035.000.000) 12/07 16:49:17 Image size of job updated: 541424
	168  -  MemoryUsage of job (MB)
	171868  -  ResidentSetSize of job (KB)
...
005 (49035.000.000) 12/07 16:49:17 Job terminated.
	(1) Normal termination (return value 1)
		Usr 0 00:01:19, Sys 0 00:00:01  -  Run Remote Usage
		Usr 0 00:00:00, Sys 0 00:00:00  -  Run Local Usage
		Usr 0 00:01:19, Sys 0 00:00:01  -  Total Remote Usage
		Usr 0 00:00:00, Sys 0 00:00:00  -  Total Local Usage
	0  -  Run Bytes Sent By Job
	0  -  Run Bytes Received By Job
	0  -  Total Bytes Sent By Job
	0  -  Total Bytes Received By Job
	Partitionable Resources :    Usage  Request Allocated
	   Cpus                 :                 1         1
	   Disk (KB)            :        1        1    465402
	   Memory (MB)          :      168     3072      3072
...
000 (49037.000.000) 12/07 16:56:28 Job submitted from host: <192.168.100.49:9618?addrs=192.168.100.49-9618&noUDP&sock=2478170_12b9_3>
...
001 (49037.000.000) 12/07 16:56:54 Job executing on host: <192.168.100.52:9618?addrs=192.168.100.52-9618&noUDP&sock=1070130_bfb6_4>
...
006 (49037.000.000) 12/07 16:57:02 Image size of job updated: 168052
	165  -  MemoryUsage of job (MB)
	168052  -  ResidentSetSize of job (KB)
...
006 (49037.000.000) 12/07 16:57:22 Image size of job updated: 486988
	165  -  MemoryUsage of job (MB)
	168084  -  ResidentSetSize of job (KB)
...
005 (49037.000.000) 12/07 16:57:22 Job terminated.
	(1) Normal termination (return value 1)
		Usr 0 00:00:26, Sys 0 00:00:00  -  Run Remote Usage
		Usr 0 00:00:00, Sys 0 00:00:00  -  Run Local Usage
		Usr 0 00:00:26, Sys 0 00:00:00  -  Total Remote Usage
		Usr 0 00:00:00, Sys 0 00:00:00  -  Total Local Usage
	0  -  Run Bytes Sent By Job
	0  -  Run Bytes Received By Job
	0  -  Total Bytes Sent By Job
	0  -  Total Bytes Received By Job
	Partitionable Resources :    Usage  Request Allocated
	   Cpus                 :                 1         1
	   Disk (KB)            :        1        1    465402
	   Memory (MB)          :      165     3072      3072
...
000 (49038.000.000) 12/07 16:59:21 Job submitted from host: <192.168.100.49:9618?addrs=192.168.100.49-9618&noUDP&sock=2478170_12b9_3>
...
001 (49038.000.000) 12/07 16:59:58 Job executing on host: <192.168.100.52:9618?addrs=192.168.100.52-9618&noUDP&sock=1070130_bfb6_4>
...
006 (49038.000.000) 12/07 17:00:06 Image size of job updated: 168036
	165  -  MemoryUsage of job (MB)
	168036  -  ResidentSetSize of job (KB)
...
006 (49038.000.000) 12/07 17:00:26 Image size of job updated: 1218872
	165  -  MemoryUsage of job (MB)
	168056  -  ResidentSetSize of job (KB)
...
005 (49038.000.000) 12/07 17:00:26 Job terminated.
	(1) Normal termination (return value 1)
		Usr 0 00:00:26, Sys 0 00:00:01  -  Run Remote Usage
		Usr 0 00:00:00, Sys 0 00:00:00  -  Run Local Usage
		Usr 0 00:00:26, Sys 0 00:00:01  -  Total Remote Usage
		Usr 0 00:00:00, Sys 0 00:00:00  -  Total Local Usage
	0  -  Run Bytes Sent By Job
	0  -  Run Bytes Received By Job
	0  -  Total Bytes Sent By Job
	0  -  Total Bytes Received By Job
	Partitionable Resources :    Usage  Request Allocated
	   Cpus                 :                 1         1
	   Disk (KB)            :        1        1    465402
	   Memory (MB)          :      165     3072      3072
...
000 (49039.000.000) 12/07 17:01:48 Job submitted from host: <192.168.100.49:9618?addrs=192.168.100.49-9618&noUDP&sock=2478170_12b9_3>
...
001 (49039.000.000) 12/07 17:01:50 Job executing on host: <192.168.100.52:9618?addrs=192.168.100.52-9618&noUDP&sock=1070130_bfb6_4>
...
006 (49039.000.000) 12/07 17:01:58 Image size of job updated: 171876
	168  -  MemoryUsage of job (MB)
	171876  -  ResidentSetSize of job (KB)
...
006 (49039.000.000) 12/07 17:02:18 Image size of job updated: 448500
	168  -  MemoryUsage of job (MB)
	171908  -  ResidentSetSize of job (KB)
...
005 (49039.000.000) 12/07 17:02:18 Job terminated.
	(1) Normal termination (return value 1)
		Usr 0 00:00:26, Sys 0 00:00:00  -  Run Remote Usage
		Usr 0 00:00:00, Sys 0 00:00:00  -  Run Local Usage
		Usr 0 00:00:26, Sys 0 00:00:00  -  Total Remote Usage
		Usr 0 00:00:00, Sys 0 00:00:00  -  Total Local Usage
	0  -  Run Bytes Sent By Job
	0  -  Run Bytes Received By Job
	0  -  Total Bytes Sent By Job
	0  -  Total Bytes Received By Job
	Partitionable Resources :    Usage  Request Allocated
	   Cpus                 :                 1         1
	   Disk (KB)            :        1        1    465402
	   Memory (MB)          :      168     3072      3072
...
000 (49040.000.000) 12/07 17:04:37 Job submitted from host: <192.168.100.49:9618?addrs=192.168.100.49-9618&noUDP&sock=2478170_12b9_3>
...
001 (49040.000.000) 12/07 17:04:37 Job executing on host: <192.168.100.52:9618?addrs=192.168.100.52-9618&noUDP&sock=1070130_bfb6_4>
...
006 (49040.000.000) 12/07 17:04:46 Image size of job updated: 169668
	166  -  MemoryUsage of job (MB)
	169668  -  ResidentSetSize of job (KB)
...
006 (49040.000.000) 12/07 17:05:06 Image size of job updated: 491312
	166  -  MemoryUsage of job (MB)
	169696  -  ResidentSetSize of job (KB)
...
005 (49040.000.000) 12/07 17:05:06 Job terminated.
	(1) Normal termination (return value 1)
		Usr 0 00:00:27, Sys 0 00:00:00  -  Run Remote Usage
		Usr 0 00:00:00, Sys 0 00:00:00  -  Run Local Usage
		Usr 0 00:00:27, Sys 0 00:00:00  -  Total Remote Usage
		Usr 0 00:00:00, Sys 0 00:00:00  -  Total Local Usage
	0  -  Run Bytes Sent By Job
	0  -  Run Bytes Received By Job
	0  -  Total Bytes Sent By Job
	0  -  Total Bytes Received By Job
	Partitionable Resources :    Usage  Request Allocated
	   Cpus                 :                 1         1
	   Disk (KB)            :        1        1    465402
	   Memory (MB)          :      166     3072      3072
...
000 (49041.000.000) 12/07 17:09:56 Job submitted from host: <192.168.100.49:9618?addrs=192.168.100.49-9618&noUDP&sock=2478170_12b9_3>
...
001 (49041.000.000) 12/07 17:09:58 Job executing on host: <192.168.100.52:9618?addrs=192.168.100.52-9618&noUDP&sock=1070130_bfb6_4>
...
006 (49041.000.000) 12/07 17:10:06 Image size of job updated: 163288
	160  -  MemoryUsage of job (MB)
	163288  -  ResidentSetSize of job (KB)
...
006 (49041.000.000) 12/07 17:10:18 Image size of job updated: 1212040
	160  -  MemoryUsage of job (MB)
	163308  -  ResidentSetSize of job (KB)
...
005 (49041.000.000) 12/07 17:10:18 Job terminated.
	(1) Normal termination (return value 1)
		Usr 0 00:00:19, Sys 0 00:00:00  -  Run Remote Usage
		Usr 0 00:00:00, Sys 0 00:00:00  -  Run Local Usage
		Usr 0 00:00:19, Sys 0 00:00:00  -  Total Remote Usage
		Usr 0 00:00:00, Sys 0 00:00:00  -  Total Local Usage
	0  -  Run Bytes Sent By Job
	0  -  Run Bytes Received By Job
	0  -  Total Bytes Sent By Job
	0  -  Total Bytes Received By Job
	Partitionable Resources :    Usage  Request Allocated
	   Cpus                 :                 1         1
	   Disk (KB)            :        1        1    465402
	   Memory (MB)          :      160     3072      3072
...
000 (49043.000.000) 12/07 17:13:10 Job submitted from host: <192.168.100.49:9618?addrs=192.168.100.49-9618&noUDP&sock=2478170_12b9_3>
...
001 (49043.000.000) 12/07 17:13:10 Job executing on host: <192.168.100.52:9618?addrs=192.168.100.52-9618&noUDP&sock=1070130_bfb6_4>
...
006 (49043.000.000) 12/07 17:13:18 Image size of job updated: 163064
	160  -  MemoryUsage of job (MB)
	163064  -  ResidentSetSize of job (KB)
...
006 (49043.000.000) 12/07 17:13:39 Image size of job updated: 481524
	160  -  MemoryUsage of job (MB)
	163196  -  ResidentSetSize of job (KB)
...
005 (49043.000.000) 12/07 17:13:39 Job terminated.
	(1) Normal termination (return value 1)
		Usr 0 00:00:27, Sys 0 00:00:00  -  Run Remote Usage
		Usr 0 00:00:00, Sys 0 00:00:00  -  Run Local Usage
		Usr 0 00:00:27, Sys 0 00:00:00  -  Total Remote Usage
		Usr 0 00:00:00, Sys 0 00:00:00  -  Total Local Usage
	0  -  Run Bytes Sent By Job
	0  -  Run Bytes Received By Job
	0  -  Total Bytes Sent By Job
	0  -  Total Bytes Received By Job
	Partitionable Resources :    Usage  Request Allocated
	   Cpus                 :                 1         1
	   Disk (KB)            :        1        1    465402
	   Memory (MB)          :      160     3072      3072
...
000 (49044.000.000) 12/07 17:22:15 Job submitted from host: <192.168.100.49:9618?addrs=192.168.100.49-9618&noUDP&sock=2478170_12b9_3>
...
001 (49044.000.000) 12/07 17:22:31 Job executing on host: <192.168.100.52:9618?addrs=192.168.100.52-9618&noUDP&sock=1070130_bfb6_4>
...
006 (49044.000.000) 12/07 17:22:39 Image size of job updated: 161072
	158  -  MemoryUsage of job (MB)
	161072  -  ResidentSetSize of job (KB)
...
006 (49044.000.000) 12/07 17:23:01 Image size of job updated: 480388
	158  -  MemoryUsage of job (MB)
	161096  -  ResidentSetSize of job (KB)
...
005 (49044.000.000) 12/07 17:23:01 Job terminated.
	(1) Normal termination (return value 1)
		Usr 0 00:00:28, Sys 0 00:00:00  -  Run Remote Usage
		Usr 0 00:00:00, Sys 0 00:00:00  -  Run Local Usage
		Usr 0 00:00:28, Sys 0 00:00:00  -  Total Remote Usage
		Usr 0 00:00:00, Sys 0 00:00:00  -  Total Local Usage
	0  -  Run Bytes Sent By Job
	0  -  Run Bytes Received By Job
	0  -  Total Bytes Sent By Job
	0  -  Total Bytes Received By Job
	Partitionable Resources :    Usage  Request Allocated
	   Cpus                 :                 1         1
	   Disk (KB)            :        1        1    465402
	   Memory (MB)          :      158     3072      3072
...
000 (49046.000.000) 12/07 17:25:15 Job submitted from host: <192.168.100.49:9618?addrs=192.168.100.49-9618&noUDP&sock=2478170_12b9_3>
...
001 (49046.000.000) 12/07 17:25:16 Job executing on host: <192.168.100.52:9618?addrs=192.168.100.52-9618&noUDP&sock=1070130_bfb6_4>
...
006 (49046.000.000) 12/07 17:25:24 Image size of job updated: 168908
	165  -  MemoryUsage of job (MB)
	168908  -  ResidentSetSize of job (KB)
...
006 (49046.000.000) 12/07 17:25:44 Image size of job updated: 480512
	165  -  MemoryUsage of job (MB)
	168940  -  ResidentSetSize of job (KB)
...
005 (49046.000.000) 12/07 17:25:44 Job terminated.
	(1) Normal termination (return value 1)
		Usr 0 00:00:27, Sys 0 00:00:00  -  Run Remote Usage
		Usr 0 00:00:00, Sys 0 00:00:00  -  Run Local Usage
		Usr 0 00:00:27, Sys 0 00:00:00  -  Total Remote Usage
		Usr 0 00:00:00, Sys 0 00:00:00  -  Total Local Usage
	0  -  Run Bytes Sent By Job
	0  -  Run Bytes Received By Job
	0  -  Total Bytes Sent By Job
	0  -  Total Bytes Received By Job
	Partitionable Resources :    Usage  Request Allocated
	   Cpus                 :                 1         1
	   Disk (KB)            :        1        1    465402
	   Memory (MB)          :      165     3072      3072
...
000 (49047.000.000) 12/07 17:28:49 Job submitted from host: <192.168.100.49:9618?addrs=192.168.100.49-9618&noUDP&sock=2478170_12b9_3>
...
001 (49047.000.000) 12/07 17:29:05 Job executing on host: <192.168.100.52:9618?addrs=192.168.100.52-9618&noUDP&sock=1070130_bfb6_4>
...
006 (49047.000.000) 12/07 17:29:14 Image size of job updated: 188760
	185  -  MemoryUsage of job (MB)
	188760  -  ResidentSetSize of job (KB)
...
006 (49047.000.000) 12/07 17:29:37 Image size of job updated: 551592
	185  -  MemoryUsage of job (MB)
	188792  -  ResidentSetSize of job (KB)
...
005 (49047.000.000) 12/07 17:29:37 Job terminated.
	(1) Normal termination (return value 1)
		Usr 0 00:00:29, Sys 0 00:00:01  -  Run Remote Usage
		Usr 0 00:00:00, Sys 0 00:00:00  -  Run Local Usage
		Usr 0 00:00:29, Sys 0 00:00:01  -  Total Remote Usage
		Usr 0 00:00:00, Sys 0 00:00:00  -  Total Local Usage
	0  -  Run Bytes Sent By Job
	0  -  Run Bytes Received By Job
	0  -  Total Bytes Sent By Job
	0  -  Total Bytes Received By Job
	Partitionable Resources :    Usage  Request Allocated
	   Cpus                 :                 1         1
	   Disk (KB)            :        1        1    465402
	   Memory (MB)          :      185     3072      3072
...
000 (49048.000.000) 12/07 17:32:00 Job submitted from host: <192.168.100.49:9618?addrs=192.168.100.49-9618&noUDP&sock=2478170_12b9_3>
...
001 (49048.000.000) 12/07 17:32:00 Job executing on host: <192.168.100.52:9618?addrs=192.168.100.52-9618&noUDP&sock=1070130_bfb6_4>
...
006 (49048.000.000) 12/07 17:32:09 Image size of job updated: 182048
	178  -  MemoryUsage of job (MB)
	182048  -  ResidentSetSize of job (KB)
...
006 (49048.000.000) 12/07 17:32:33 Image size of job updated: 490368
	178  -  MemoryUsage of job (MB)
	182072  -  ResidentSetSize of job (KB)
...
005 (49048.000.000) 12/07 17:32:33 Job terminated.
	(1) Normal termination (return value 1)
		Usr 0 00:00:30, Sys 0 00:00:00  -  Run Remote Usage
		Usr 0 00:00:00, Sys 0 00:00:00  -  Run Local Usage
		Usr 0 00:00:30, Sys 0 00:00:00  -  Total Remote Usage
		Usr 0 00:00:00, Sys 0 00:00:00  -  Total Local Usage
	0  -  Run Bytes Sent By Job
	0  -  Run Bytes Received By Job
	0  -  Total Bytes Sent By Job
	0  -  Total Bytes Received By Job
	Partitionable Resources :    Usage  Request Allocated
	   Cpus                 :                 1         1
	   Disk (KB)            :        1        1    465402
	   Memory (MB)          :      178     3072      3072
...
000 (49049.000.000) 12/07 17:34:42 Job submitted from host: <192.168.100.49:9618?addrs=192.168.100.49-9618&noUDP&sock=2478170_12b9_3>
...
001 (49049.000.000) 12/07 17:34:51 Job executing on host: <192.168.100.52:9618?addrs=192.168.100.52-9618&noUDP&sock=1070130_bfb6_4>
...
006 (49049.000.000) 12/07 17:35:00 Image size of job updated: 188676
	185  -  MemoryUsage of job (MB)
	188676  -  ResidentSetSize of job (KB)
...
006 (49049.000.000) 12/07 17:35:22 Image size of job updated: 540100
	185  -  MemoryUsage of job (MB)
	188700  -  ResidentSetSize of job (KB)
...
005 (49049.000.000) 12/07 17:35:22 Job terminated.
	(1) Normal termination (return value 1)
		Usr 0 00:00:29, Sys 0 00:00:00  -  Run Remote Usage
		Usr 0 00:00:00, Sys 0 00:00:00  -  Run Local Usage
		Usr 0 00:00:29, Sys 0 00:00:00  -  Total Remote Usage
		Usr 0 00:00:00, Sys 0 00:00:00  -  Total Local Usage
	0  -  Run Bytes Sent By Job
	0  -  Run Bytes Received By Job
	0  -  Total Bytes Sent By Job
	0  -  Total Bytes Received By Job
	Partitionable Resources :    Usage  Request Allocated
	   Cpus                 :                 1         1
	   Disk (KB)            :        1        1    465402
	   Memory (MB)          :      185     3072      3072
...
000 (49050.000.000) 12/07 17:36:45 Job submitted from host: <192.168.100.49:9618?addrs=192.168.100.49-9618&noUDP&sock=2478170_12b9_3>
...
001 (49050.000.000) 12/07 17:36:46 Job executing on host: <192.168.100.52:9618?addrs=192.168.100.52-9618&noUDP&sock=1070130_bfb6_4>
...
006 (49050.000.000) 12/07 17:36:54 Image size of job updated: 170040
	167  -  MemoryUsage of job (MB)
	170040  -  ResidentSetSize of job (KB)
...
006 (49050.000.000) 12/07 17:37:17 Image size of job updated: 539368
	167  -  MemoryUsage of job (MB)
	170068  -  ResidentSetSize of job (KB)
...
005 (49050.000.000) 12/07 17:37:17 Job terminated.
	(1) Normal termination (return value 1)
		Usr 0 00:00:29, Sys 0 00:00:00  -  Run Remote Usage
		Usr 0 00:00:00, Sys 0 00:00:00  -  Run Local Usage
		Usr 0 00:00:29, Sys 0 00:00:00  -  Total Remote Usage
		Usr 0 00:00:00, Sys 0 00:00:00  -  Total Local Usage
	0  -  Run Bytes Sent By Job
	0  -  Run Bytes Received By Job
	0  -  Total Bytes Sent By Job
	0  -  Total Bytes Received By Job
	Partitionable Resources :    Usage  Request Allocated
	   Cpus                 :                 1         1
	   Disk (KB)            :        1        1    465402
	   Memory (MB)          :      167     3072      3072
...
000 (49052.000.000) 12/07 17:39:19 Job submitted from host: <192.168.100.49:9618?addrs=192.168.100.49-9618&noUDP&sock=2478170_12b9_3>
...
001 (49052.000.000) 12/07 17:39:26 Job executing on host: <192.168.100.52:9618?addrs=192.168.100.52-9618&noUDP&sock=1070130_bfb6_4>
...
006 (49052.000.000) 12/07 17:39:35 Image size of job updated: 190228
	186  -  MemoryUsage of job (MB)
	190228  -  ResidentSetSize of job (KB)
...
006 (49052.000.000) 12/07 17:39:57 Image size of job updated: 551600
	186  -  MemoryUsage of job (MB)
	190256  -  ResidentSetSize of job (KB)
...
005 (49052.000.000) 12/07 17:39:57 Job terminated.
	(1) Normal termination (return value 1)
		Usr 0 00:00:29, Sys 0 00:00:00  -  Run Remote Usage
		Usr 0 00:00:00, Sys 0 00:00:00  -  Run Local Usage
		Usr 0 00:00:29, Sys 0 00:00:00  -  Total Remote Usage
		Usr 0 00:00:00, Sys 0 00:00:00  -  Total Local Usage
	0  -  Run Bytes Sent By Job
	0  -  Run Bytes Received By Job
	0  -  Total Bytes Sent By Job
	0  -  Total Bytes Received By Job
	Partitionable Resources :    Usage  Request Allocated
	   Cpus                 :                 1         1
	   Disk (KB)            :        1        1    465402
	   Memory (MB)          :      186     3072      3072
...
000 (49054.000.000) 12/07 17:41:45 Job submitted from host: <192.168.100.49:9618?addrs=192.168.100.49-9618&noUDP&sock=2478170_12b9_3>
...
001 (49054.000.000) 12/07 17:41:46 Job executing on host: <192.168.100.52:9618?addrs=192.168.100.52-9618&noUDP&sock=1070130_bfb6_4>
...
006 (49054.000.000) 12/07 17:41:54 Image size of job updated: 168304
	165  -  MemoryUsage of job (MB)
	168304  -  ResidentSetSize of job (KB)
...
006 (49054.000.000) 12/07 17:42:17 Image size of job updated: 551748
	165  -  MemoryUsage of job (MB)
	168328  -  ResidentSetSize of job (KB)
...
005 (49054.000.000) 12/07 17:42:17 Job terminated.
	(1) Normal termination (return value 1)
		Usr 0 00:00:29, Sys 0 00:00:00  -  Run Remote Usage
		Usr 0 00:00:00, Sys 0 00:00:00  -  Run Local Usage
		Usr 0 00:00:29, Sys 0 00:00:00  -  Total Remote Usage
		Usr 0 00:00:00, Sys 0 00:00:00  -  Total Local Usage
	0  -  Run Bytes Sent By Job
	0  -  Run Bytes Received By Job
	0  -  Total Bytes Sent By Job
	0  -  Total Bytes Received By Job
	Partitionable Resources :    Usage  Request Allocated
	   Cpus                 :                 1         1
	   Disk (KB)            :        1        1    465402
	   Memory (MB)          :      165     3072      3072
...
000 (49056.000.000) 12/07 17:46:52 Job submitted from host: <192.168.100.49:9618?addrs=192.168.100.49-9618&noUDP&sock=2478170_12b9_3>
...
001 (49056.000.000) 12/07 17:46:57 Job executing on host: <192.168.100.52:9618?addrs=192.168.100.52-9618&noUDP&sock=1070130_bfb6_4>
...
006 (49056.000.000) 12/07 17:47:06 Image size of job updated: 182440
	179  -  MemoryUsage of job (MB)
	182440  -  ResidentSetSize of job (KB)
...
006 (49056.000.000) 12/07 17:47:27 Image size of job updated: 182440
	179  -  MemoryUsage of job (MB)
	182464  -  ResidentSetSize of job (KB)
...
005 (49056.000.000) 12/07 17:47:27 Job terminated.
	(1) Normal termination (return value 1)
		Usr 0 00:00:28, Sys 0 00:00:00  -  Run Remote Usage
		Usr 0 00:00:00, Sys 0 00:00:00  -  Run Local Usage
		Usr 0 00:00:28, Sys 0 00:00:00  -  Total Remote Usage
		Usr 0 00:00:00, Sys 0 00:00:00  -  Total Local Usage
	0  -  Run Bytes Sent By Job
	0  -  Run Bytes Received By Job
	0  -  Total Bytes Sent By Job
	0  -  Total Bytes Received By Job
	Partitionable Resources :    Usage  Request Allocated
	   Cpus                 :                 1         1
	   Disk (KB)            :        1        1    465402
	   Memory (MB)          :      179     3072      3072
...
000 (49058.000.000) 12/07 17:50:28 Job submitted from host: <192.168.100.49:9618?addrs=192.168.100.49-9618&noUDP&sock=2478170_12b9_3>
...
001 (49058.000.000) 12/07 17:50:37 Job executing on host: <192.168.100.52:9618?addrs=192.168.100.52-9618&noUDP&sock=1070130_bfb6_4>
...
006 (49058.000.000) 12/07 17:50:46 Image size of job updated: 190616
	187  -  MemoryUsage of job (MB)
	190616  -  ResidentSetSize of job (KB)
...
006 (49058.000.000) 12/07 17:51:05 Image size of job updated: 487392
	187  -  MemoryUsage of job (MB)
	190636  -  ResidentSetSize of job (KB)
...
005 (49058.000.000) 12/07 17:51:05 Job terminated.
	(1) Normal termination (return value 1)
		Usr 0 00:00:26, Sys 0 00:00:00  -  Run Remote Usage
		Usr 0 00:00:00, Sys 0 00:00:00  -  Run Local Usage
		Usr 0 00:00:26, Sys 0 00:00:00  -  Total Remote Usage
		Usr 0 00:00:00, Sys 0 00:00:00  -  Total Local Usage
	0  -  Run Bytes Sent By Job
	0  -  Run Bytes Received By Job
	0  -  Total Bytes Sent By Job
	0  -  Total Bytes Received By Job
	Partitionable Resources :    Usage  Request Allocated
	   Cpus                 :                 1         1
	   Disk (KB)            :        1        1    465402
	   Memory (MB)          :      187     3072      3072
...
000 (49059.000.000) 12/07 17:52:50 Job submitted from host: <192.168.100.49:9618?addrs=192.168.100.49-9618&noUDP&sock=2478170_12b9_3>
...
001 (49059.000.000) 12/07 17:52:57 Job executing on host: <192.168.100.52:9618?addrs=192.168.100.52-9618&noUDP&sock=1070130_bfb6_4>
...
006 (49059.000.000) 12/07 17:53:06 Image size of job updated: 190408
	186  -  MemoryUsage of job (MB)
	190408  -  ResidentSetSize of job (KB)
...
006 (49059.000.000) 12/07 17:54:04 Image size of job updated: 665296
	186  -  MemoryUsage of job (MB)
	190436  -  ResidentSetSize of job (KB)
...
005 (49059.000.000) 12/07 17:54:04 Job terminated.
	(1) Normal termination (return value 1)
		Usr 0 00:01:04, Sys 0 00:00:01  -  Run Remote Usage
		Usr 0 00:00:00, Sys 0 00:00:00  -  Run Local Usage
		Usr 0 00:01:04, Sys 0 00:00:01  -  Total Remote Usage
		Usr 0 00:00:00, Sys 0 00:00:00  -  Total Local Usage
	0  -  Run Bytes Sent By Job
	0  -  Run Bytes Received By Job
	0  -  Total Bytes Sent By Job
	0  -  Total Bytes Received By Job
	Partitionable Resources :    Usage  Request Allocated
	   Cpus                 :                 1         1
	   Disk (KB)            :        1        1    465402
	   Memory (MB)          :      186     3072      3072
...
000 (49060.000.000) 12/07 17:54:57 Job submitted from host: <192.168.100.49:9618?addrs=192.168.100.49-9618&noUDP&sock=2478170_12b9_3>
...
001 (49060.000.000) 12/07 17:55:17 Job executing on host: <192.168.100.52:9618?addrs=192.168.100.52-9618&noUDP&sock=1070130_bfb6_4>
...
006 (49060.000.000) 12/07 17:55:25 Image size of job updated: 172032
	168  -  MemoryUsage of job (MB)
	172032  -  ResidentSetSize of job (KB)
...
006 (49060.000.000) 12/07 17:56:25 Image size of job updated: 646612
	169  -  MemoryUsage of job (MB)
	172060  -  ResidentSetSize of job (KB)
...
005 (49060.000.000) 12/07 17:56:25 Job terminated.
	(1) Normal termination (return value 1)
		Usr 0 00:01:05, Sys 0 00:00:01  -  Run Remote Usage
		Usr 0 00:00:00, Sys 0 00:00:00  -  Run Local Usage
		Usr 0 00:01:05, Sys 0 00:00:01  -  Total Remote Usage
		Usr 0 00:00:00, Sys 0 00:00:00  -  Total Local Usage
	0  -  Run Bytes Sent By Job
	0  -  Run Bytes Received By Job
	0  -  Total Bytes Sent By Job
	0  -  Total Bytes Received By Job
	Partitionable Resources :    Usage  Request Allocated
	   Cpus                 :                 1         1
	   Disk (KB)            :        1        1    465402
	   Memory (MB)          :      169     3072      3072
...
000 (49061.000.000) 12/07 17:57:45 Job submitted from host: <192.168.100.49:9618?addrs=192.168.100.49-9618&noUDP&sock=2478170_12b9_3>
...
001 (49061.000.000) 12/07 17:57:45 Job executing on host: <192.168.100.52:9618?addrs=192.168.100.52-9618&noUDP&sock=1070130_bfb6_4>
...
006 (49061.000.000) 12/07 17:57:54 Image size of job updated: 188728
	185  -  MemoryUsage of job (MB)
	188728  -  ResidentSetSize of job (KB)
...
006 (49061.000.000) 12/07 17:58:54 Image size of job updated: 682884
	185  -  MemoryUsage of job (MB)
	188760  -  ResidentSetSize of job (KB)
...
005 (49061.000.000) 12/07 17:58:54 Job terminated.
	(1) Normal termination (return value 1)
		Usr 0 00:01:06, Sys 0 00:00:01  -  Run Remote Usage
		Usr 0 00:00:00, Sys 0 00:00:00  -  Run Local Usage
		Usr 0 00:01:06, Sys 0 00:00:01  -  Total Remote Usage
		Usr 0 00:00:00, Sys 0 00:00:00  -  Total Local Usage
	0  -  Run Bytes Sent By Job
	0  -  Run Bytes Received By Job
	0  -  Total Bytes Sent By Job
	0  -  Total Bytes Received By Job
	Partitionable Resources :    Usage  Request Allocated
	   Cpus                 :                 1         1
	   Disk (KB)            :        1        1    465402
	   Memory (MB)          :      185     3072      3072
...
000 (49063.000.000) 12/07 18:00:55 Job submitted from host: <192.168.100.49:9618?addrs=192.168.100.49-9618&noUDP&sock=2478170_12b9_3>
...
001 (49063.000.000) 12/07 18:00:56 Job executing on host: <192.168.100.52:9618?addrs=192.168.100.52-9618&noUDP&sock=1070130_bfb6_4>
...
006 (49063.000.000) 12/07 18:01:04 Image size of job updated: 170368
	167  -  MemoryUsage of job (MB)
	170368  -  ResidentSetSize of job (KB)
...
006 (49063.000.000) 12/07 18:02:04 Image size of job updated: 561952
	167  -  MemoryUsage of job (MB)
	170400  -  ResidentSetSize of job (KB)
...
005 (49063.000.000) 12/07 18:02:04 Job terminated.
	(1) Normal termination (return value 1)
		Usr 0 00:01:06, Sys 0 00:00:01  -  Run Remote Usage
		Usr 0 00:00:00, Sys 0 00:00:00  -  Run Local Usage
		Usr 0 00:01:06, Sys 0 00:00:01  -  Total Remote Usage
		Usr 0 00:00:00, Sys 0 00:00:00  -  Total Local Usage
	0  -  Run Bytes Sent By Job
	0  -  Run Bytes Received By Job
	0  -  Total Bytes Sent By Job
	0  -  Total Bytes Received By Job
	Partitionable Resources :    Usage  Request Allocated
	   Cpus                 :                 1         1
	   Disk (KB)            :        1        1    465402
	   Memory (MB)          :      167     3072      3072
...
000 (49064.000.000) 12/07 18:04:11 Job submitted from host: <192.168.100.49:9618?addrs=192.168.100.49-9618&noUDP&sock=2478170_12b9_3>
...
001 (49064.000.000) 12/07 18:04:16 Job executing on host: <192.168.100.52:9618?addrs=192.168.100.52-9618&noUDP&sock=1070130_bfb6_4>
...
006 (49064.000.000) 12/07 18:04:24 Image size of job updated: 170132
	167  -  MemoryUsage of job (MB)
	170132  -  ResidentSetSize of job (KB)
...
006 (49064.000.000) 12/07 18:05:24 Image size of job updated: 562192
	167  -  MemoryUsage of job (MB)
	170164  -  ResidentSetSize of job (KB)
...
005 (49064.000.000) 12/07 18:05:24 Job terminated.
	(1) Normal termination (return value 0)
		Usr 0 00:01:05, Sys 0 00:00:01  -  Run Remote Usage
		Usr 0 00:00:00, Sys 0 00:00:00  -  Run Local Usage
		Usr 0 00:01:05, Sys 0 00:00:01  -  Total Remote Usage
		Usr 0 00:00:00, Sys 0 00:00:00  -  Total Local Usage
	0  -  Run Bytes Sent By Job
	0  -  Run Bytes Received By Job
	0  -  Total Bytes Sent By Job
	0  -  Total Bytes Received By Job
	Partitionable Resources :    Usage  Request Allocated
	   Cpus                 :                 1         1
	   Disk (KB)            :        1        1    465402
	   Memory (MB)          :      167     3072      3072
...
000 (49065.000.000) 12/07 18:08:40 Job submitted from host: <192.168.100.49:9618?addrs=192.168.100.49-9618&noUDP&sock=2478170_12b9_3>
...
001 (49065.000.000) 12/07 18:08:40 Job executing on host: <192.168.100.53:9618?addrs=192.168.100.53-9618&noUDP&sock=1037191_55aa_4>
...
006 (49065.000.000) 12/07 18:08:49 Image size of job updated: 209736
	203  -  MemoryUsage of job (MB)
	206952  -  ResidentSetSize of job (KB)
...
006 (49065.000.000) 12/07 18:09:44 Image size of job updated: 661556
	203  -  MemoryUsage of job (MB)
	207004  -  ResidentSetSize of job (KB)
...
005 (49065.000.000) 12/07 18:09:44 Job terminated.
	(1) Normal termination (return value 0)
		Usr 0 00:01:00, Sys 0 00:00:01  -  Run Remote Usage
		Usr 0 00:00:00, Sys 0 00:00:00  -  Run Local Usage
		Usr 0 00:01:00, Sys 0 00:00:01  -  Total Remote Usage
		Usr 0 00:00:00, Sys 0 00:00:00  -  Total Local Usage
	0  -  Run Bytes Sent By Job
	0  -  Run Bytes Received By Job
	0  -  Total Bytes Sent By Job
	0  -  Total Bytes Received By Job
	Partitionable Resources :    Usage  Request Allocated
	   Cpus                 :                 1         1
	   Disk (KB)            :        1        1   1923579
	   Memory (MB)          :      203     3072      3072
...
000 (49066.000.000) 12/07 18:12:17 Job submitted from host: <192.168.100.49:9618?addrs=192.168.100.49-9618&noUDP&sock=2478170_12b9_3>
...
001 (49066.000.000) 12/07 18:12:30 Job executing on host: <192.168.100.52:9618?addrs=192.168.100.52-9618&noUDP&sock=1070130_bfb6_4>
...
006 (49066.000.000) 12/07 18:12:38 Image size of job updated: 171500
	168  -  MemoryUsage of job (MB)
	171500  -  ResidentSetSize of job (KB)
...
006 (49066.000.000) 12/07 18:13:38 Image size of job updated: 634060
	168  -  MemoryUsage of job (MB)
	171528  -  ResidentSetSize of job (KB)
...
005 (49066.000.000) 12/07 18:13:38 Job terminated.
	(1) Normal termination (return value 0)
		Usr 0 00:01:05, Sys 0 00:00:01  -  Run Remote Usage
		Usr 0 00:00:00, Sys 0 00:00:00  -  Run Local Usage
		Usr 0 00:01:05, Sys 0 00:00:01  -  Total Remote Usage
		Usr 0 00:00:00, Sys 0 00:00:00  -  Total Local Usage
	0  -  Run Bytes Sent By Job
	0  -  Run Bytes Received By Job
	0  -  Total Bytes Sent By Job
	0  -  Total Bytes Received By Job
	Partitionable Resources :    Usage  Request Allocated
	   Cpus                 :                 1         1
	   Disk (KB)            :        1        1    465402
	   Memory (MB)          :      168     3072      3072
...
000 (49068.000.000) 12/07 18:18:53 Job submitted from host: <192.168.100.49:9618?addrs=192.168.100.49-9618&noUDP&sock=2478170_12b9_3>
...
001 (49068.000.000) 12/07 18:19:03 Job executing on host: <192.168.100.52:9618?addrs=192.168.100.52-9618&noUDP&sock=1070130_bfb6_4>
...
006 (49068.000.000) 12/07 18:19:11 Image size of job updated: 172964
	167  -  MemoryUsage of job (MB)
	170804  -  ResidentSetSize of job (KB)
...
006 (49068.000.000) 12/07 18:20:00 Image size of job updated: 662908
	167  -  MemoryUsage of job (MB)
	170832  -  ResidentSetSize of job (KB)
...
005 (49068.000.000) 12/07 18:20:00 Job terminated.
	(1) Normal termination (return value 0)
		Usr 0 00:00:55, Sys 0 00:00:01  -  Run Remote Usage
		Usr 0 00:00:00, Sys 0 00:00:00  -  Run Local Usage
		Usr 0 00:00:55, Sys 0 00:00:01  -  Total Remote Usage
		Usr 0 00:00:00, Sys 0 00:00:00  -  Total Local Usage
	0  -  Run Bytes Sent By Job
	0  -  Run Bytes Received By Job
	0  -  Total Bytes Sent By Job
	0  -  Total Bytes Received By Job
	Partitionable Resources :    Usage  Request Allocated
	   Cpus                 :                 1         1
	   Disk (KB)            :        1        1    465402
	   Memory (MB)          :      167     3072      3072
...
000 (49126.000.000) 12/07 21:38:40 Job submitted from host: <192.168.100.49:9618?addrs=192.168.100.49-9618&noUDP&sock=2478170_12b9_3>
...
001 (49126.000.000) 12/07 21:38:57 Job executing on host: <192.168.100.51:9618?addrs=192.168.100.51-9618&noUDP&sock=1064592_243a_4>
...
006 (49126.000.000) 12/07 21:39:06 Image size of job updated: 118880
	114  -  MemoryUsage of job (MB)
	116096  -  ResidentSetSize of job (KB)
...
000 (49129.000.000) 12/07 21:40:14 Job submitted from host: <192.168.100.49:9618?addrs=192.168.100.49-9618&noUDP&sock=2478170_12b9_3>
...
001 (49129.000.000) 12/07 21:40:35 Job executing on host: <192.168.100.51:9618?addrs=192.168.100.51-9618&noUDP&sock=1064592_243a_4>
...
006 (49129.000.000) 12/07 21:40:44 Image size of job updated: 130304
	128  -  MemoryUsage of job (MB)
	130304  -  ResidentSetSize of job (KB)
...
006 (49126.000.000) 12/07 21:40:45 Image size of job updated: 118880
	114  -  MemoryUsage of job (MB)
	116112  -  ResidentSetSize of job (KB)
...
005 (49126.000.000) 12/07 21:40:45 Job terminated.
	(1) Normal termination (return value 0)
		Usr 0 00:01:43, Sys 0 00:00:02  -  Run Remote Usage
		Usr 0 00:00:00, Sys 0 00:00:00  -  Run Local Usage
		Usr 0 00:01:43, Sys 0 00:00:02  -  Total Remote Usage
		Usr 0 00:00:00, Sys 0 00:00:00  -  Total Local Usage
	0  -  Run Bytes Sent By Job
	0  -  Run Bytes Received By Job
	0  -  Total Bytes Sent By Job
	0  -  Total Bytes Received By Job
	Partitionable Resources :    Usage  Request Allocated
	   Cpus                 :                 1         1
	   Disk (KB)            :        1        1   4566683
	   Memory (MB)          :      114     3072      3072
...
006 (49129.000.000) 12/07 21:42:22 Image size of job updated: 1279948
	128  -  MemoryUsage of job (MB)
	130324  -  ResidentSetSize of job (KB)
...
005 (49129.000.000) 12/07 21:42:22 Job terminated.
	(1) Normal termination (return value 0)
		Usr 0 00:01:43, Sys 0 00:00:02  -  Run Remote Usage
		Usr 0 00:00:00, Sys 0 00:00:00  -  Run Local Usage
		Usr 0 00:01:43, Sys 0 00:00:02  -  Total Remote Usage
		Usr 0 00:00:00, Sys 0 00:00:00  -  Total Local Usage
	0  -  Run Bytes Sent By Job
	0  -  Run Bytes Received By Job
	0  -  Total Bytes Sent By Job
	0  -  Total Bytes Received By Job
	Partitionable Resources :    Usage  Request Allocated
	   Cpus                 :                 1         1
	   Disk (KB)            :        1        1   4566683
	   Memory (MB)          :      128     3072      3072
...
000 (49153.000.000) 12/07 22:13:23 Job submitted from host: <192.168.100.49:9618?addrs=192.168.100.49-9618&noUDP&sock=2478170_12b9_3>
...
001 (49153.000.000) 12/07 22:13:44 Job executing on host: <192.168.100.52:9618?addrs=192.168.100.52-9618&noUDP&sock=1070130_bfb6_4>
...
006 (49153.000.000) 12/07 22:13:52 Image size of job updated: 179956
	176  -  MemoryUsage of job (MB)
	179956  -  ResidentSetSize of job (KB)
...
006 (49153.000.000) 12/07 22:14:11 Image size of job updated: 489924
	176  -  MemoryUsage of job (MB)
	179980  -  ResidentSetSize of job (KB)
...
005 (49153.000.000) 12/07 22:14:12 Job terminated.
	(1) Normal termination (return value 1)
		Usr 0 00:00:26, Sys 0 00:00:00  -  Run Remote Usage
		Usr 0 00:00:00, Sys 0 00:00:00  -  Run Local Usage
		Usr 0 00:00:26, Sys 0 00:00:00  -  Total Remote Usage
		Usr 0 00:00:00, Sys 0 00:00:00  -  Total Local Usage
	0  -  Run Bytes Sent By Job
	0  -  Run Bytes Received By Job
	0  -  Total Bytes Sent By Job
	0  -  Total Bytes Received By Job
	Partitionable Resources :    Usage  Request Allocated
	   Cpus                 :                 1         1
	   Disk (KB)            :        1        1    465402
	   Memory (MB)          :      176     3072      3072
...
000 (49159.000.000) 12/07 22:44:54 Job submitted from host: <192.168.100.49:9618?addrs=192.168.100.49-9618&noUDP&sock=2478170_12b9_3>
...
001 (49159.000.000) 12/07 22:45:09 Job executing on host: <192.168.100.52:9618?addrs=192.168.100.52-9618&noUDP&sock=1070130_bfb6_4>
...
006 (49159.000.000) 12/07 22:45:17 Image size of job updated: 51200
	50  -  MemoryUsage of job (MB)
	51200  -  ResidentSetSize of job (KB)
...
006 (49159.000.000) 12/07 22:46:09 Image size of job updated: 520796
	50  -  MemoryUsage of job (MB)
	51200  -  ResidentSetSize of job (KB)
...
005 (49159.000.000) 12/07 22:46:09 Job terminated.
	(1) Normal termination (return value 1)
		Usr 0 00:00:28, Sys 0 00:00:01  -  Run Remote Usage
		Usr 0 00:00:00, Sys 0 00:00:00  -  Run Local Usage
		Usr 0 00:00:28, Sys 0 00:00:01  -  Total Remote Usage
		Usr 0 00:00:00, Sys 0 00:00:00  -  Total Local Usage
	0  -  Run Bytes Sent By Job
	0  -  Run Bytes Received By Job
	0  -  Total Bytes Sent By Job
	0  -  Total Bytes Received By Job
	Partitionable Resources :    Usage  Request Allocated
	   Cpus                 :                 1         1
	   Disk (KB)            :        1        1    465402
	   Memory (MB)          :       50     3072      3072
...
000 (49160.000.000) 12/07 22:48:37 Job submitted from host: <192.168.100.49:9618?addrs=192.168.100.49-9618&noUDP&sock=2478170_12b9_3>
...
001 (49160.000.000) 12/07 22:48:48 Job executing on host: <192.168.100.51:9618?addrs=192.168.100.51-9618&noUDP&sock=1064592_243a_4>
...
006 (49160.000.000) 12/07 22:48:57 Image size of job updated: 102592
	98  -  MemoryUsage of job (MB)
	99808  -  ResidentSetSize of job (KB)
...
006 (49160.000.000) 12/07 22:49:40 Image size of job updated: 542852
	98  -  MemoryUsage of job (MB)
	99832  -  ResidentSetSize of job (KB)
...
005 (49160.000.000) 12/07 22:49:40 Job terminated.
	(1) Normal termination (return value 1)
		Usr 0 00:00:46, Sys 0 00:00:01  -  Run Remote Usage
		Usr 0 00:00:00, Sys 0 00:00:00  -  Run Local Usage
		Usr 0 00:00:46, Sys 0 00:00:01  -  Total Remote Usage
		Usr 0 00:00:00, Sys 0 00:00:00  -  Total Local Usage
	0  -  Run Bytes Sent By Job
	0  -  Run Bytes Received By Job
	0  -  Total Bytes Sent By Job
	0  -  Total Bytes Received By Job
	Partitionable Resources :    Usage  Request Allocated
	   Cpus                 :                 1         1
	   Disk (KB)            :        1        1   4566683
	   Memory (MB)          :       98     3072      3072
...
000 (49162.000.000) 12/07 22:51:40 Job submitted from host: <192.168.100.49:9618?addrs=192.168.100.49-9618&noUDP&sock=2478170_12b9_3>
...
001 (49162.000.000) 12/07 22:51:49 Job executing on host: <192.168.100.53:9618?addrs=192.168.100.53-9618&noUDP&sock=1037191_55aa_4>
...
006 (49162.000.000) 12/07 22:51:57 Image size of job updated: 201520
	197  -  MemoryUsage of job (MB)
	201520  -  ResidentSetSize of job (KB)
...
006 (49162.000.000) 12/07 22:52:12 Image size of job updated: 1278968
	197  -  MemoryUsage of job (MB)
	201580  -  ResidentSetSize of job (KB)
...
005 (49162.000.000) 12/07 22:52:12 Job terminated.
	(1) Normal termination (return value 1)
		Usr 0 00:00:21, Sys 0 00:00:00  -  Run Remote Usage
		Usr 0 00:00:00, Sys 0 00:00:00  -  Run Local Usage
		Usr 0 00:00:21, Sys 0 00:00:00  -  Total Remote Usage
		Usr 0 00:00:00, Sys 0 00:00:00  -  Total Local Usage
	0  -  Run Bytes Sent By Job
	0  -  Run Bytes Received By Job
	0  -  Total Bytes Sent By Job
	0  -  Total Bytes Received By Job
	Partitionable Resources :    Usage  Request Allocated
	   Cpus                 :                 1         1
	   Disk (KB)            :        1        1   1923579
	   Memory (MB)          :      197     4096      4096
...
000 (49188.000.000) 12/07 23:36:21 Job submitted from host: <192.168.100.49:9618?addrs=192.168.100.49-9618&noUDP&sock=2478170_12b9_3>
...
001 (49188.000.000) 12/07 23:36:22 Job executing on host: <192.168.100.53:9618?addrs=192.168.100.53-9618&noUDP&sock=1037191_55aa_4>
...
006 (49188.000.000) 12/07 23:36:30 Image size of job updated: 207308
	203  -  MemoryUsage of job (MB)
	207308  -  ResidentSetSize of job (KB)
...
006 (49188.000.000) 12/07 23:37:12 Image size of job updated: 628180
	203  -  MemoryUsage of job (MB)
	207352  -  ResidentSetSize of job (KB)
...
005 (49188.000.000) 12/07 23:37:12 Job terminated.
	(1) Normal termination (return value 1)
		Usr 0 00:00:48, Sys 0 00:00:01  -  Run Remote Usage
		Usr 0 00:00:00, Sys 0 00:00:00  -  Run Local Usage
		Usr 0 00:00:48, Sys 0 00:00:01  -  Total Remote Usage
		Usr 0 00:00:00, Sys 0 00:00:00  -  Total Local Usage
	0  -  Run Bytes Sent By Job
	0  -  Run Bytes Received By Job
	0  -  Total Bytes Sent By Job
	0  -  Total Bytes Received By Job
	Partitionable Resources :    Usage  Request Allocated
	   Cpus                 :                 1         1
	   Disk (KB)            :        1        1   1923579
	   Memory (MB)          :      203     4096      4096
...
000 (49189.000.000) 12/07 23:38:04 Job submitted from host: <192.168.100.49:9618?addrs=192.168.100.49-9618&noUDP&sock=2478170_12b9_3>
...
001 (49189.000.000) 12/07 23:38:13 Job executing on host: <192.168.100.52:9618?addrs=192.168.100.52-9618&noUDP&sock=1070130_bfb6_4>
...
006 (49189.000.000) 12/07 23:38:22 Image size of job updated: 152384
	149  -  MemoryUsage of job (MB)
	152384  -  ResidentSetSize of job (KB)
...
006 (49189.000.000) 12/07 23:39:13 Image size of job updated: 539528
	149  -  MemoryUsage of job (MB)
	152412  -  ResidentSetSize of job (KB)
...
005 (49189.000.000) 12/07 23:39:13 Job terminated.
	(1) Normal termination (return value 0)
		Usr 0 00:00:55, Sys 0 00:00:01  -  Run Remote Usage
		Usr 0 00:00:00, Sys 0 00:00:00  -  Run Local Usage
		Usr 0 00:00:55, Sys 0 00:00:01  -  Total Remote Usage
		Usr 0 00:00:00, Sys 0 00:00:00  -  Total Local Usage
	0  -  Run Bytes Sent By Job
	0  -  Run Bytes Received By Job
	0  -  Total Bytes Sent By Job
	0  -  Total Bytes Received By Job
	Partitionable Resources :    Usage  Request Allocated
	   Cpus                 :                 1         1
	   Disk (KB)            :        1        1    465402
	   Memory (MB)          :      149     4096      4096
...
000 (49192.000.000) 12/07 23:42:36 Job submitted from host: <192.168.100.49:9618?addrs=192.168.100.49-9618&noUDP&sock=2478170_12b9_3>
...
000 (49193.000.000) 12/07 23:42:52 Job submitted from host: <192.168.100.49:9618?addrs=192.168.100.49-9618&noUDP&sock=2478170_12b9_3>
...
001 (49193.000.000) 12/07 23:43:09 Job executing on host: <192.168.100.52:9618?addrs=192.168.100.52-9618&noUDP&sock=1070130_bfb6_4>
...
001 (49192.000.000) 12/07 23:43:12 Job executing on host: <192.168.100.52:9618?addrs=192.168.100.52-9618&noUDP&sock=1070130_bfb6_4>
...
006 (49193.000.000) 12/07 23:43:17 Image size of job updated: 171172
	168  -  MemoryUsage of job (MB)
	171172  -  ResidentSetSize of job (KB)
...
006 (49192.000.000) 12/07 23:43:20 Image size of job updated: 174444
	171  -  MemoryUsage of job (MB)
	174444  -  ResidentSetSize of job (KB)
...
006 (49193.000.000) 12/07 23:43:28 Image size of job updated: 1058632
	168  -  MemoryUsage of job (MB)
	171200  -  ResidentSetSize of job (KB)
...
005 (49193.000.000) 12/07 23:43:28 Job terminated.
	(1) Normal termination (return value 1)
		Usr 0 00:00:18, Sys 0 00:00:00  -  Run Remote Usage
		Usr 0 00:00:00, Sys 0 00:00:00  -  Run Local Usage
		Usr 0 00:00:18, Sys 0 00:00:00  -  Total Remote Usage
		Usr 0 00:00:00, Sys 0 00:00:00  -  Total Local Usage
	0  -  Run Bytes Sent By Job
	0  -  Run Bytes Received By Job
	0  -  Total Bytes Sent By Job
	0  -  Total Bytes Received By Job
	Partitionable Resources :    Usage  Request Allocated
	   Cpus                 :                 1         1
	   Disk (KB)            :        1        1    465402
	   Memory (MB)          :      168     4096      4096
...
006 (49192.000.000) 12/07 23:43:31 Image size of job updated: 314076
	171  -  MemoryUsage of job (MB)
	174468  -  ResidentSetSize of job (KB)
...
005 (49192.000.000) 12/07 23:43:31 Job terminated.
	(1) Normal termination (return value 1)
		Usr 0 00:00:18, Sys 0 00:00:00  -  Run Remote Usage
		Usr 0 00:00:00, Sys 0 00:00:00  -  Run Local Usage
		Usr 0 00:00:18, Sys 0 00:00:00  -  Total Remote Usage
		Usr 0 00:00:00, Sys 0 00:00:00  -  Total Local Usage
	0  -  Run Bytes Sent By Job
	0  -  Run Bytes Received By Job
	0  -  Total Bytes Sent By Job
	0  -  Total Bytes Received By Job
	Partitionable Resources :    Usage  Request Allocated
	   Cpus                 :                 1         1
	   Disk (KB)            :        1        1    465402
	   Memory (MB)          :      171     4096      4096
...
000 (49197.000.000) 12/07 23:44:42 Job submitted from host: <192.168.100.49:9618?addrs=192.168.100.49-9618&noUDP&sock=2478170_12b9_3>
...
001 (49197.000.000) 12/07 23:44:51 Job executing on host: <192.168.100.52:9618?addrs=192.168.100.52-9618&noUDP&sock=1070130_bfb6_4>
...
006 (49197.000.000) 12/07 23:45:00 Image size of job updated: 193720
	190  -  MemoryUsage of job (MB)
	193720  -  ResidentSetSize of job (KB)
...
006 (49197.000.000) 12/07 23:45:10 Image size of job updated: 451988
	190  -  MemoryUsage of job (MB)
	193756  -  ResidentSetSize of job (KB)
...
005 (49197.000.000) 12/07 23:45:10 Job terminated.
	(1) Normal termination (return value 1)
		Usr 0 00:00:18, Sys 0 00:00:00  -  Run Remote Usage
		Usr 0 00:00:00, Sys 0 00:00:00  -  Run Local Usage
		Usr 0 00:00:18, Sys 0 00:00:00  -  Total Remote Usage
		Usr 0 00:00:00, Sys 0 00:00:00  -  Total Local Usage
	0  -  Run Bytes Sent By Job
	0  -  Run Bytes Received By Job
	0  -  Total Bytes Sent By Job
	0  -  Total Bytes Received By Job
	Partitionable Resources :    Usage  Request Allocated
	   Cpus                 :                 1         1
	   Disk (KB)            :        1        1    465402
	   Memory (MB)          :      190     4096      4096
...
000 (49199.000.000) 12/07 23:45:18 Job submitted from host: <192.168.100.49:9618?addrs=192.168.100.49-9618&noUDP&sock=2478170_12b9_3>
...
001 (49199.000.000) 12/07 23:45:41 Job executing on host: <192.168.100.56:9618?addrs=192.168.100.56-9618&noUDP&sock=1056219_f5bf_4>
...
006 (49199.000.000) 12/07 23:45:50 Image size of job updated: 154136
	136  -  MemoryUsage of job (MB)
	138928  -  ResidentSetSize of job (KB)
...
006 (49199.000.000) 12/07 23:46:41 Image size of job updated: 616796
	136  -  MemoryUsage of job (MB)
	138980  -  ResidentSetSize of job (KB)
...
005 (49199.000.000) 12/07 23:46:42 Job terminated.
	(1) Normal termination (return value 0)
		Usr 0 00:00:53, Sys 0 00:00:01  -  Run Remote Usage
		Usr 0 00:00:00, Sys 0 00:00:00  -  Run Local Usage
		Usr 0 00:00:53, Sys 0 00:00:01  -  Total Remote Usage
		Usr 0 00:00:00, Sys 0 00:00:00  -  Total Local Usage
	0  -  Run Bytes Sent By Job
	0  -  Run Bytes Received By Job
	0  -  Total Bytes Sent By Job
	0  -  Total Bytes Received By Job
	Partitionable Resources :    Usage  Request Allocated
	   Cpus                 :                 1         1
	   Disk (KB)            :        1        1   9469945
	   Memory (MB)          :      136     4096      4096
...
